#
# There is insufficient memory for the Java Runtime Environment to continue.
# Native memory allocation (malloc) failed to allocate 464656 bytes. Error detail: Chunk::new
# Possible reasons:
#   The system is out of physical RAM or swap space
#   This process is running with CompressedOops enabled, and the Java Heap may be blocking the growth of the native heap
# Possible solutions:
#   Reduce memory load on the system
#   Increase physical memory or swap space
#   Check if swap backing store is full
#   Decrease Java heap size (-Xmx/-Xms)
#   Decrease number of Java threads
#   Decrease Java thread stack sizes (-Xss)
#   Set larger code cache with -XX:ReservedCodeCacheSize=
#   JVM is running with Unscaled Compressed Oops mode in which the Java heap is
#     placed in the first 4GB address space. The Java Heap base address is the
#     maximum limit for the native heap growth. Please use -XX:HeapBaseMinAddress
#     to set the Java Heap base and to place the Java Heap above 4GB virtual address.
# This output file may be truncated or incomplete.
#
#  Out of Memory Error (arena.cpp:168), pid=17636, tid=3572
#
# JRE version: OpenJDK Runtime Environment Temurin-21.0.8+9 (21.0.8+9) (build 21.0.8+9-LTS)
# Java VM: OpenJDK 64-Bit Server VM Temurin-21.0.8+9 (21.0.8+9-LTS, mixed mode, sharing, tiered, compressed oops, compressed class ptrs, parallel gc, windows-amd64)
# No core dump will be written. Minidumps are not enabled by default on client versions of Windows
#

---------------  S U M M A R Y ------------

Command Line: --add-modules=ALL-SYSTEM --add-opens=java.base/java.util=ALL-UNNAMED --add-opens=java.base/java.lang=ALL-UNNAMED --add-opens=java.base/sun.nio.fs=ALL-UNNAMED -Declipse.application=org.eclipse.jdt.ls.core.id1 -Dosgi.bundles.defaultStartLevel=4 -Declipse.product=org.eclipse.jdt.ls.core.product -Djava.import.generatesMetadataFilesAtProjectRoot=false -DDetectVMInstallationsJob.disabled=true -Dfile.encoding=utf8 -XX:+UseParallelGC -XX:GCTimeRatio=4 -XX:AdaptiveSizePolicyWeight=90 -Dsun.zip.disableMemoryMapping=true -Xmx2G -Xms100m -Xlog:disable -javaagent:c:\Users\orgil\.vscode\extensions\redhat.java-1.47.0-win32-x64\lombok\lombok-1.18.39-4050.jar -XX:+HeapDumpOnOutOfMemoryError -XX:HeapDumpPath=c:\Users\orgil\AppData\Roaming\Code\User\workspaceStorage\cd0713a03f285024dd52b99167a2dbcd\redhat.java -Daether.dependencyCollector.impl=bf c:\Users\orgil\.vscode\extensions\redhat.java-1.47.0-win32-x64\server\plugins\org.eclipse.equinox.launcher_1.7.100.v20251014-1222.jar -configuration c:\Users\orgil\AppData\Roaming\Code\User\globalStorage\redhat.java\1.47.0\config_win -data c:\Users\orgil\AppData\Roaming\Code\User\workspaceStorage\cd0713a03f285024dd52b99167a2dbcd\redhat.java\jdt_ws --pipe=\\.\pipe\lsp-294801c7397ec90074e4b12207007469-sock

Host: 12th Gen Intel(R) Core(TM) i5-12500H, 16 cores, 15G,  Windows 11 , 64 bit Build 26100 (10.0.26100.7019)
Time: Thu Nov 13 08:49:43 2025 elapsed time: 45.523008 seconds (0d 0h 0m 45s)

---------------  T H R E A D  ---------------

Current thread (0x000002f0ea22d110):  JavaThread "C2 CompilerThread0" daemon [_thread_in_native, id=3572, stack(0x000000f8e2200000,0x000000f8e2300000) (1024K)]


Current CompileTask:
C2:45523 3280       4       com.sun.org.apache.xerces.internal.impl.XMLEntityScanner::scanQName (580 bytes)

Stack: [0x000000f8e2200000,0x000000f8e2300000]
Native frames: (J=compiled Java code, j=interpreted, Vv=VM code, C=native code)
V  [jvm.dll+0x6d2449]
V  [jvm.dll+0x8ae341]
V  [jvm.dll+0x8b08be]
V  [jvm.dll+0x8b0fa3]
V  [jvm.dll+0x280c96]
V  [jvm.dll+0xc581d]
V  [jvm.dll+0xc5d53]
V  [jvm.dll+0x3b919c]
V  [jvm.dll+0x385315]
V  [jvm.dll+0x38477a]
V  [jvm.dll+0x248ed0]
V  [jvm.dll+0x2484af]
V  [jvm.dll+0x1c89ee]
V  [jvm.dll+0x257d4d]
V  [jvm.dll+0x2562ea]
V  [jvm.dll+0x3f2d16]
V  [jvm.dll+0x857e6b]
V  [jvm.dll+0x6d0b0d]
C  [ucrtbase.dll+0x37b0]
C  [KERNEL32.DLL+0x2e8d7]
C  [ntdll.dll+0x8c53c]


---------------  P R O C E S S  ---------------

Threads class SMR info:
_java_thread_list=0x000002f0f0cfa290, length=19, elements={
0x000002f0d24c19c0, 0x000002f0d2444f90, 0x000002f0d244a3f0, 0x000002f0d244cc20,
0x000002f0d244fa00, 0x000002f0d2451a10, 0x000002f0d2457650, 0x000002f0ea22d110,
0x000002f0d245e0c0, 0x000002f0d252f220, 0x000002f0ea54c360, 0x000002f0f0b45950,
0x000002f0f1127010, 0x000002f0f0ac0ed0, 0x000002f0f1026900, 0x000002f0ea3f8a90,
0x000002f0f0852bb0, 0x000002f0f07fa550, 0x000002f0f113ea70
}

Java Threads: ( => current thread )
  0x000002f0d24c19c0 JavaThread "main"                              [_thread_blocked, id=18708, stack(0x000000f8e1800000,0x000000f8e1900000) (1024K)]
  0x000002f0d2444f90 JavaThread "Reference Handler"          daemon [_thread_blocked, id=21156, stack(0x000000f8e1c00000,0x000000f8e1d00000) (1024K)]
  0x000002f0d244a3f0 JavaThread "Finalizer"                  daemon [_thread_blocked, id=18936, stack(0x000000f8e1d00000,0x000000f8e1e00000) (1024K)]
  0x000002f0d244cc20 JavaThread "Signal Dispatcher"          daemon [_thread_blocked, id=18948, stack(0x000000f8e1e00000,0x000000f8e1f00000) (1024K)]
  0x000002f0d244fa00 JavaThread "Attach Listener"            daemon [_thread_blocked, id=18040, stack(0x000000f8e1f00000,0x000000f8e2000000) (1024K)]
  0x000002f0d2451a10 JavaThread "Service Thread"             daemon [_thread_blocked, id=17692, stack(0x000000f8e2000000,0x000000f8e2100000) (1024K)]
  0x000002f0d2457650 JavaThread "Monitor Deflation Thread"   daemon [_thread_blocked, id=22212, stack(0x000000f8e2100000,0x000000f8e2200000) (1024K)]
=>0x000002f0ea22d110 JavaThread "C2 CompilerThread0"         daemon [_thread_in_native, id=3572, stack(0x000000f8e2200000,0x000000f8e2300000) (1024K)]
  0x000002f0d245e0c0 JavaThread "C1 CompilerThread0"         daemon [_thread_in_vm, id=23124, stack(0x000000f8e2300000,0x000000f8e2400000) (1024K)]
  0x000002f0d252f220 JavaThread "Common-Cleaner"             daemon [_thread_blocked, id=3252, stack(0x000000f8e2400000,0x000000f8e2500000) (1024K)]
  0x000002f0ea54c360 JavaThread "Notification Thread"        daemon [_thread_blocked, id=22092, stack(0x000000f8e2800000,0x000000f8e2900000) (1024K)]
  0x000002f0f0b45950 JavaThread "Active Thread: Equinox Container: a78d88b4-1f55-4150-9410-91ede47f7483"        [_thread_blocked, id=21232, stack(0x000000f8e2900000,0x000000f8e2a00000) (1024K)]
  0x000002f0f1127010 JavaThread "Refresh Thread: Equinox Container: a78d88b4-1f55-4150-9410-91ede47f7483" daemon [_thread_blocked, id=20568, stack(0x000000f8e2500000,0x000000f8e2600000) (1024K)]
  0x000002f0f0ac0ed0 JavaThread "Framework Event Dispatcher: Equinox Container: a78d88b4-1f55-4150-9410-91ede47f7483" daemon [_thread_blocked, id=17192, stack(0x000000f8e2600000,0x000000f8e2700000) (1024K)]
  0x000002f0f1026900 JavaThread "Start Level: Equinox Container: a78d88b4-1f55-4150-9410-91ede47f7483" daemon [_thread_in_vm, id=10688, stack(0x000000f8e2700000,0x000000f8e2800000) (1024K)]
  0x000002f0ea3f8a90 JavaThread "Bundle File Closer"         daemon [_thread_blocked, id=15520, stack(0x000000f8e3100000,0x000000f8e3200000) (1024K)]
  0x000002f0f0852bb0 JavaThread "SCR Component Actor"        daemon [_thread_blocked, id=15468, stack(0x000000f8e3500000,0x000000f8e3600000) (1024K)]
  0x000002f0f07fa550 JavaThread "C1 CompilerThread1"         daemon [_thread_blocked, id=22280, stack(0x000000f8e3800000,0x000000f8e3900000) (1024K)]
  0x000002f0f113ea70 JavaThread "C2 CompilerThread1"         daemon [_thread_in_native, id=4108, stack(0x000000f8e3a00000,0x000000f8e3b00000) (1024K)]
Total: 19

Other Threads:
  0x000002f0ea204ba0 VMThread "VM Thread"                           [id=14580, stack(0x000000f8e1b00000,0x000000f8e1c00000) (1024K)]
  0x000002f0d233ca00 WatcherThread "VM Periodic Task Thread"        [id=17612, stack(0x000000f8e1a00000,0x000000f8e1b00000) (1024K)]
  0x000002f0d24e22e0 WorkerThread "GC Thread#0"                     [id=18876, stack(0x000000f8e1900000,0x000000f8e1a00000) (1024K)]
  0x000002f0f08f4760 WorkerThread "GC Thread#1"                     [id=8972, stack(0x000000f8e2a00000,0x000000f8e2b00000) (1024K)]
  0x000002f0f07e3f70 WorkerThread "GC Thread#2"                     [id=19200, stack(0x000000f8e2b00000,0x000000f8e2c00000) (1024K)]
  0x000002f0f05cf5c0 WorkerThread "GC Thread#3"                     [id=7160, stack(0x000000f8e2c00000,0x000000f8e2d00000) (1024K)]
  0x000002f0f067ead0 WorkerThread "GC Thread#4"                     [id=8924, stack(0x000000f8e2d00000,0x000000f8e2e00000) (1024K)]
  0x000002f0f0805300 WorkerThread "GC Thread#5"                     [id=14940, stack(0x000000f8e2e00000,0x000000f8e2f00000) (1024K)]
  0x000002f0f0804820 WorkerThread "GC Thread#6"                     [id=21964, stack(0x000000f8e2f00000,0x000000f8e3000000) (1024K)]
  0x000002f0f0805a40 WorkerThread "GC Thread#7"                     [id=3596, stack(0x000000f8e3000000,0x000000f8e3100000) (1024K)]
  0x000002f0f08040e0 WorkerThread "GC Thread#8"                     [id=18352, stack(0x000000f8e3200000,0x000000f8e3300000) (1024K)]
  0x000002f0f0804480 WorkerThread "GC Thread#9"                     [id=11104, stack(0x000000f8e3300000,0x000000f8e3400000) (1024K)]
  0x000002f0f0804bc0 WorkerThread "GC Thread#10"                    [id=18256, stack(0x000000f8e3400000,0x000000f8e3500000) (1024K)]
  0x000002f0f0181410 WorkerThread "GC Thread#11"                    [id=16288, stack(0x000000f8e3600000,0x000000f8e3700000) (1024K)]
  0x000002f0f017ec30 WorkerThread "GC Thread#12"                    [id=20404, stack(0x000000f8e3700000,0x000000f8e3800000) (1024K)]
Total: 15

Threads with active compile tasks:
C2 CompilerThread0  45593 3280       4       com.sun.org.apache.xerces.internal.impl.XMLEntityScanner::scanQName (580 bytes)
C1 CompilerThread0  45593 3407       3       java.util.ArrayList::add (65 bytes)
C1 CompilerThread1  45594 3409   !   3       org.eclipse.osgi.storage.BundleInfo$Generation::getDomain (90 bytes)
Total: 3

VM state: not at safepoint (normal execution)

VM Mutex/Monitor currently owned by a thread: None

Heap address: 0x0000000080000000, size: 2048 MB, Compressed Oops mode: 32-bit

CDS archive(s) mapped at: [0x000002f080000000-0x000002f080ba0000-0x000002f080ba0000), size 12189696, SharedBaseAddress: 0x000002f080000000, ArchiveRelocationMode: 1.
Compressed class space mapped at: 0x000002f081000000-0x000002f0c1000000, reserved size: 1073741824
Narrow klass base: 0x000002f080000000, Narrow klass shift: 0, Narrow klass range: 0x100000000

GC Precious Log:
 CardTable entry size: 512
 CPUs: 16 total, 16 available
 Memory: 16004M
 Large Page Support: Disabled
 NUMA Support: Disabled
 Compressed Oops: Enabled (32-bit)
 Alignments: Space 512K, Generation 512K, Heap 2M
 Heap Min Capacity: 100M
 Heap Initial Capacity: 100M
 Heap Max Capacity: 2G
 Pre-touch: Disabled
 Parallel Workers: 13

Heap:
 PSYoungGen      total 29696K, used 23132K [0x00000000d5580000, 0x00000000d7680000, 0x0000000100000000)
  eden space 25600K, 74% used [0x00000000d5580000,0x00000000d6817b90,0x00000000d6e80000)
  from space 4096K, 99% used [0x00000000d7280000,0x00000000d767f800,0x00000000d7680000)
  to   space 4096K, 0% used [0x00000000d6e80000,0x00000000d6e80000,0x00000000d7280000)
 ParOldGen       total 68608K, used 6417K [0x0000000080000000, 0x0000000084300000, 0x00000000d5580000)
  object space 68608K, 9% used [0x0000000080000000,0x00000000806444f8,0x0000000084300000)
 Metaspace       used 13786K, committed 14272K, reserved 1114112K
  class space    used 1410K, committed 1600K, reserved 1048576K

Card table byte_map: [0x000002f0d1e50000,0x000002f0d2260000] _byte_map_base: 0x000002f0d1a50000

Marking Bits: (ParMarkBitMap*) 0x00007ffb9190a340
 Begin Bits: [0x000002f0e4950000, 0x000002f0e6950000)
 End Bits:   [0x000002f0e6950000, 0x000002f0e8950000)

Polling page: 0x000002f0d0090000

Metaspace:

Usage:
  Non-class:     12.09 MB used.
      Class:      1.38 MB used.
       Both:     13.46 MB used.

Virtual space:
  Non-class space:       64.00 MB reserved,      12.38 MB ( 19%) committed,  1 nodes.
      Class space:        1.00 GB reserved,       1.56 MB ( <1%) committed,  1 nodes.
             Both:        1.06 GB reserved,      13.94 MB (  1%) committed. 

Chunk freelists:
   Non-Class:  3.25 MB
       Class:  14.48 MB
        Both:  17.74 MB

MaxMetaspaceSize: unlimited
CompressedClassSpaceSize: 1.00 GB
Initial GC threshold: 21.00 MB
Current GC threshold: 21.00 MB
CDS: on
 - commit_granule_bytes: 65536.
 - commit_granule_words: 8192.
 - virtual_space_node_default_size: 8388608.
 - enlarge_chunks_in_place: 1.
 - use_allocation_guard: 0.


Internal statistics:

num_allocs_failed_limit: 0.
num_arena_births: 348.
num_arena_deaths: 0.
num_vsnodes_births: 2.
num_vsnodes_deaths: 0.
num_space_committed: 223.
num_space_uncommitted: 0.
num_chunks_returned_to_freelist: 0.
num_chunks_taken_from_freelist: 772.
num_chunk_merges: 0.
num_chunk_splits: 488.
num_chunks_enlarged: 309.
num_inconsistent_stats: 0.

CodeHeap 'non-profiled nmethods': size=119168Kb used=1506Kb max_used=1506Kb free=117661Kb
 bounds [0x000002f0dd240000, 0x000002f0dd4b0000, 0x000002f0e46a0000]
CodeHeap 'profiled nmethods': size=119104Kb used=7060Kb max_used=7060Kb free=112043Kb
 bounds [0x000002f0d56a0000, 0x000002f0d5d90000, 0x000002f0dcaf0000]
CodeHeap 'non-nmethods': size=7488Kb used=1810Kb max_used=2398Kb free=5677Kb
 bounds [0x000002f0dcaf0000, 0x000002f0dcd60000, 0x000002f0dd240000]
CodeCache: size=245760Kb, used=10376Kb, max_used=10964Kb, free=235381Kb
 total_blobs=3926, nmethods=3410, adapters=421, full_count=0
Compilation: enabled, stopped_count=0, restarted_count=0

Compilation events (20 events):
Event: 43.497 Thread 0x000002f0d245e0c0 3346       1       com.sun.org.apache.xerces.internal.impl.dtd.XMLDTDValidator::setDocumentSource (6 bytes)
Event: 43.497 Thread 0x000002f0f03d9500 nmethod 3345 0x000002f0dd3b2110 code [0x000002f0dd3b22a0, 0x000002f0dd3b2380]
Event: 43.497 Thread 0x000002f0f03d9500 3347       1       com.sun.org.apache.xerces.internal.impl.dtd.XMLDTDValidator::setDocumentHandler (6 bytes)
Event: 43.498 Thread 0x000002f0d245e0c0 nmethod 3346 0x000002f0dd3b2410 code [0x000002f0dd3b25a0, 0x000002f0dd3b2680]
Event: 43.498 Thread 0x000002f0f03d9500 nmethod 3347 0x000002f0dd3b2710 code [0x000002f0dd3b28a0, 0x000002f0dd3b2980]
Event: 43.498 Thread 0x000002f0d245e0c0 3349       3       org.eclipse.osgi.container.Module::getContainer (8 bytes)
Event: 43.498 Thread 0x000002f0f03d9500 3350       1       java.util.logging.Level::intValue (5 bytes)
Event: 43.499 Thread 0x000002f0f03d9500 nmethod 3350 0x000002f0dd3b2a10 code [0x000002f0dd3b2ba0, 0x000002f0dd3b2c68]
Event: 43.499 Thread 0x000002f0f03d9500 3351       3       java.util.Spliterators$EmptySpliterator$OfRef::tryAdvance (6 bytes)
Event: 43.499 Thread 0x000002f0d245e0c0 nmethod 3349 0x000002f0d5d63490 code [0x000002f0d5d63620, 0x000002f0d5d63750]
Event: 43.499 Thread 0x000002f0f07fa550 nmethod 3348 0x000002f0d5d63810 code [0x000002f0d5d63a80, 0x000002f0d5d64718]
Event: 43.499 Thread 0x000002f0d245e0c0 3353       3       org.eclipse.osgi.container.Module::getStartLevel (9 bytes)
Event: 43.500 Thread 0x000002f0f03d9500 nmethod 3351 0x000002f0d5d64a90 code [0x000002f0d5d64c60, 0x000002f0d5d64f20]
Event: 43.500 Thread 0x000002f0d245e0c0 nmethod 3353 0x000002f0d5d65090 code [0x000002f0d5d65240, 0x000002f0d5d65390]
Event: 43.500 Thread 0x000002f0f03d9500 3354       3       org.eclipse.osgi.internal.loader.BundleLoader::isExportedPackage (11 bytes)
Event: 43.501 Thread 0x000002f0f07fa550 3355   !   3       java.util.Collections$SynchronizedCollection::contains (25 bytes)
Event: 43.501 Thread 0x000002f0d245e0c0 3352       3       java.util.Spliterators$EmptySpliterator::tryAdvance (7 bytes)
Event: 43.501 Thread 0x000002f0f03d9500 nmethod 3354 0x000002f0d5d65410 code [0x000002f0d5d655c0, 0x000002f0d5d65798]
Event: 43.502 Thread 0x000002f0f07fa550 nmethod 3355 0x000002f0d5d65890 code [0x000002f0d5d65a40, 0x000002f0d5d65d10]
Event: 43.502 Thread 0x000002f0d245e0c0 nmethod 3352 0x000002f0d5d65e90 code [0x000002f0d5d66040, 0x000002f0d5d662a8]

GC Heap History (8 events):
Event: 0.980 GC heap before
{Heap before GC invocations=1 (full 0):
 PSYoungGen      total 29696K, used 25600K [0x00000000d5580000, 0x00000000d7680000, 0x0000000100000000)
  eden space 25600K, 100% used [0x00000000d5580000,0x00000000d6e80000,0x00000000d6e80000)
  from space 4096K, 0% used [0x00000000d7280000,0x00000000d7280000,0x00000000d7680000)
  to   space 4096K, 0% used [0x00000000d6e80000,0x00000000d6e80000,0x00000000d7280000)
 ParOldGen       total 68608K, used 0K [0x0000000080000000, 0x0000000084300000, 0x00000000d5580000)
  object space 68608K, 0% used [0x0000000080000000,0x0000000080000000,0x0000000084300000)
 Metaspace       used 4198K, committed 4480K, reserved 1114112K
  class space    used 463K, committed 576K, reserved 1048576K
}
Event: 0.989 GC heap after
{Heap after GC invocations=1 (full 0):
 PSYoungGen      total 29696K, used 3892K [0x00000000d5580000, 0x00000000d7680000, 0x0000000100000000)
  eden space 25600K, 0% used [0x00000000d5580000,0x00000000d5580000,0x00000000d6e80000)
  from space 4096K, 95% used [0x00000000d6e80000,0x00000000d724d298,0x00000000d7280000)
  to   space 4096K, 0% used [0x00000000d7280000,0x00000000d7280000,0x00000000d7680000)
 ParOldGen       total 68608K, used 16K [0x0000000080000000, 0x0000000084300000, 0x00000000d5580000)
  object space 68608K, 0% used [0x0000000080000000,0x0000000080004000,0x0000000084300000)
 Metaspace       used 4198K, committed 4480K, reserved 1114112K
  class space    used 463K, committed 576K, reserved 1048576K
}
Event: 1.770 GC heap before
{Heap before GC invocations=2 (full 0):
 PSYoungGen      total 29696K, used 29492K [0x00000000d5580000, 0x00000000d7680000, 0x0000000100000000)
  eden space 25600K, 100% used [0x00000000d5580000,0x00000000d6e80000,0x00000000d6e80000)
  from space 4096K, 95% used [0x00000000d6e80000,0x00000000d724d298,0x00000000d7280000)
  to   space 4096K, 0% used [0x00000000d7280000,0x00000000d7280000,0x00000000d7680000)
 ParOldGen       total 68608K, used 16K [0x0000000080000000, 0x0000000084300000, 0x00000000d5580000)
  object space 68608K, 0% used [0x0000000080000000,0x0000000080004000,0x0000000084300000)
 Metaspace       used 8063K, committed 8320K, reserved 1114112K
  class space    used 840K, committed 960K, reserved 1048576K
}
Event: 1.777 GC heap after
{Heap after GC invocations=2 (full 0):
 PSYoungGen      total 29696K, used 4070K [0x00000000d5580000, 0x00000000d7680000, 0x0000000100000000)
  eden space 25600K, 0% used [0x00000000d5580000,0x00000000d5580000,0x00000000d6e80000)
  from space 4096K, 99% used [0x00000000d7280000,0x00000000d7679800,0x00000000d7680000)
  to   space 4096K, 0% used [0x00000000d6e80000,0x00000000d6e80000,0x00000000d7280000)
 ParOldGen       total 68608K, used 1561K [0x0000000080000000, 0x0000000084300000, 0x00000000d5580000)
  object space 68608K, 2% used [0x0000000080000000,0x00000000801866a8,0x0000000084300000)
 Metaspace       used 8063K, committed 8320K, reserved 1114112K
  class space    used 840K, committed 960K, reserved 1048576K
}
Event: 18.335 GC heap before
{Heap before GC invocations=3 (full 0):
 PSYoungGen      total 29696K, used 29662K [0x00000000d5580000, 0x00000000d7680000, 0x0000000100000000)
  eden space 25600K, 99% used [0x00000000d5580000,0x00000000d6e7e1a0,0x00000000d6e80000)
  from space 4096K, 99% used [0x00000000d7280000,0x00000000d7679800,0x00000000d7680000)
  to   space 4096K, 0% used [0x00000000d6e80000,0x00000000d6e80000,0x00000000d7280000)
 ParOldGen       total 68608K, used 1561K [0x0000000080000000, 0x0000000084300000, 0x00000000d5580000)
  object space 68608K, 2% used [0x0000000080000000,0x00000000801866a8,0x0000000084300000)
 Metaspace       used 9456K, committed 9792K, reserved 1114112K
  class space    used 1005K, committed 1152K, reserved 1048576K
}
Event: 18.345 GC heap after
{Heap after GC invocations=3 (full 0):
 PSYoungGen      total 29696K, used 4095K [0x00000000d5580000, 0x00000000d7680000, 0x0000000100000000)
  eden space 25600K, 0% used [0x00000000d5580000,0x00000000d5580000,0x00000000d6e80000)
  from space 4096K, 99% used [0x00000000d6e80000,0x00000000d727fd30,0x00000000d7280000)
  to   space 4096K, 0% used [0x00000000d7280000,0x00000000d7280000,0x00000000d7680000)
 ParOldGen       total 68608K, used 4170K [0x0000000080000000, 0x0000000084300000, 0x00000000d5580000)
  object space 68608K, 6% used [0x0000000080000000,0x0000000080412a90,0x0000000084300000)
 Metaspace       used 9456K, committed 9792K, reserved 1114112K
  class space    used 1005K, committed 1152K, reserved 1048576K
}
Event: 41.550 GC heap before
{Heap before GC invocations=4 (full 0):
 PSYoungGen      total 29696K, used 29695K [0x00000000d5580000, 0x00000000d7680000, 0x0000000100000000)
  eden space 25600K, 100% used [0x00000000d5580000,0x00000000d6e80000,0x00000000d6e80000)
  from space 4096K, 99% used [0x00000000d6e80000,0x00000000d727fd30,0x00000000d7280000)
  to   space 4096K, 0% used [0x00000000d7280000,0x00000000d7280000,0x00000000d7680000)
 ParOldGen       total 68608K, used 4170K [0x0000000080000000, 0x0000000084300000, 0x00000000d5580000)
  object space 68608K, 6% used [0x0000000080000000,0x0000000080412a90,0x0000000084300000)
 Metaspace       used 11725K, committed 12096K, reserved 1114112K
  class space    used 1219K, committed 1408K, reserved 1048576K
}
Event: 41.559 GC heap after
{Heap after GC invocations=4 (full 0):
 PSYoungGen      total 29696K, used 4094K [0x00000000d5580000, 0x00000000d7680000, 0x0000000100000000)
  eden space 25600K, 0% used [0x00000000d5580000,0x00000000d5580000,0x00000000d6e80000)
  from space 4096K, 99% used [0x00000000d7280000,0x00000000d767f800,0x00000000d7680000)
  to   space 4096K, 0% used [0x00000000d6e80000,0x00000000d6e80000,0x00000000d7280000)
 ParOldGen       total 68608K, used 6417K [0x0000000080000000, 0x0000000084300000, 0x00000000d5580000)
  object space 68608K, 9% used [0x0000000080000000,0x00000000806444f8,0x0000000084300000)
 Metaspace       used 11725K, committed 12096K, reserved 1114112K
  class space    used 1219K, committed 1408K, reserved 1048576K
}

Dll operation events (9 events):
Event: 0.016 Loaded shared library c:\Users\orgil\.vscode\extensions\redhat.java-1.47.0-win32-x64\jre\21.0.8-win32-x86_64\bin\java.dll
Event: 0.053 Loaded shared library c:\Users\orgil\.vscode\extensions\redhat.java-1.47.0-win32-x64\jre\21.0.8-win32-x86_64\bin\zip.dll
Event: 0.133 Loaded shared library C:\Users\orgil\.vscode\extensions\redhat.java-1.47.0-win32-x64\jre\21.0.8-win32-x86_64\bin\instrument.dll
Event: 0.140 Loaded shared library C:\Users\orgil\.vscode\extensions\redhat.java-1.47.0-win32-x64\jre\21.0.8-win32-x86_64\bin\net.dll
Event: 0.144 Loaded shared library C:\Users\orgil\.vscode\extensions\redhat.java-1.47.0-win32-x64\jre\21.0.8-win32-x86_64\bin\nio.dll
Event: 0.150 Loaded shared library C:\Users\orgil\.vscode\extensions\redhat.java-1.47.0-win32-x64\jre\21.0.8-win32-x86_64\bin\zip.dll
Event: 0.175 Loaded shared library C:\Users\orgil\.vscode\extensions\redhat.java-1.47.0-win32-x64\jre\21.0.8-win32-x86_64\bin\jimage.dll
Event: 0.293 Loaded shared library c:\Users\orgil\.vscode\extensions\redhat.java-1.47.0-win32-x64\jre\21.0.8-win32-x86_64\bin\verify.dll
Event: 12.887 Loaded shared library C:\Users\orgil\AppData\Roaming\Code\User\globalStorage\redhat.java\1.47.0\config_win\org.eclipse.equinox.launcher\org.eclipse.equinox.launcher.win32.win32.x86_64_1.2.1400.v20250801-0854\eclipse_11916.dll

Deoptimization events (20 events):
Event: 42.126 Thread 0x000002f0f1026900 Uncommon trap: trap_request=0xffffff45 fr.pc=0x000002f0dd3956a8 relative=0x0000000000000088
Event: 42.126 Thread 0x000002f0f1026900 Uncommon trap: reason=unstable_if action=reinterpret pc=0x000002f0dd3956a8 method=com.sun.org.apache.xerces.internal.impl.XMLEntityScanner.checkBeforeLoad(Lcom/sun/xml/internal/stream/Entity$ScannedEntity;II)I @ 18 c2
Event: 42.126 Thread 0x000002f0f1026900 DEOPT PACKING pc=0x000002f0dd3956a8 sp=0x000000f8e27f8880
Event: 42.126 Thread 0x000002f0f1026900 DEOPT UNPACKING pc=0x000002f0dcb43aa2 sp=0x000000f8e27f87f0 mode 2
Event: 42.126 Thread 0x000002f0f1026900 DEOPT PACKING pc=0x000002f0d5c8eb28 sp=0x000000f8e27f8730
Event: 42.126 Thread 0x000002f0f1026900 DEOPT UNPACKING pc=0x000002f0dcb44242 sp=0x000000f8e27f7bf0 mode 0
Event: 42.135 Thread 0x000002f0f1026900 DEOPT PACKING pc=0x000002f0d5c8eb28 sp=0x000000f8e27f8910
Event: 42.135 Thread 0x000002f0f1026900 DEOPT UNPACKING pc=0x000002f0dcb44242 sp=0x000000f8e27f7dd0 mode 0
Event: 42.265 Thread 0x000002f0f1026900 Uncommon trap: trap_request=0xffffff45 fr.pc=0x000002f0dd39c518 relative=0x0000000000000378
Event: 42.265 Thread 0x000002f0f1026900 Uncommon trap: reason=unstable_if action=reinterpret pc=0x000002f0dd39c518 method=com.sun.org.apache.xerces.internal.impl.XMLEntityScanner.skipSpaces()Z @ 88 c2
Event: 42.265 Thread 0x000002f0f1026900 DEOPT PACKING pc=0x000002f0dd39c518 sp=0x000000f8e27f8ae0
Event: 42.265 Thread 0x000002f0f1026900 DEOPT UNPACKING pc=0x000002f0dcb43aa2 sp=0x000000f8e27f8a78 mode 2
Event: 42.266 Thread 0x000002f0f1026900 Uncommon trap: trap_request=0xffffff45 fr.pc=0x000002f0dd39fb7c relative=0x00000000000000dc
Event: 42.266 Thread 0x000002f0f1026900 Uncommon trap: reason=unstable_if action=reinterpret pc=0x000002f0dd39fb7c method=com.sun.org.apache.xerces.internal.impl.XMLEntityScanner.peekChar()I @ 51 c2
Event: 42.266 Thread 0x000002f0f1026900 DEOPT PACKING pc=0x000002f0dd39fb7c sp=0x000000f8e27f8a30
Event: 42.266 Thread 0x000002f0f1026900 DEOPT UNPACKING pc=0x000002f0dcb43aa2 sp=0x000000f8e27f89b8 mode 2
Event: 42.388 Thread 0x000002f0f1026900 Uncommon trap: trap_request=0xffffff45 fr.pc=0x000002f0dd3a0da8 relative=0x0000000000000428
Event: 42.388 Thread 0x000002f0f1026900 Uncommon trap: reason=unstable_if action=reinterpret pc=0x000002f0dd3a0da8 method=com.sun.org.apache.xerces.internal.impl.XMLEntityScanner.scanLiteral(ILcom/sun/org/apache/xerces/internal/xni/XMLString;Z)I @ 299 c2
Event: 42.388 Thread 0x000002f0f1026900 DEOPT PACKING pc=0x000002f0dd3a0da8 sp=0x000000f8e27fda20
Event: 42.388 Thread 0x000002f0f1026900 DEOPT UNPACKING pc=0x000002f0dcb43aa2 sp=0x000000f8e27fd9b0 mode 2

Classes loaded (20 events):
Event: 41.800 Loading class java/util/function/LongBinaryOperator
Event: 41.800 Loading class java/util/function/LongBinaryOperator done
Event: 41.802 Loading class java/util/stream/ReduceOps$10
Event: 41.802 Loading class java/util/stream/ReduceOps$10 done
Event: 41.802 Loading class java/util/stream/ReduceOps$8ReducingSink
Event: 41.802 Loading class java/util/stream/Sink$OfLong
Event: 41.803 Loading class java/util/stream/Sink$OfLong done
Event: 41.803 Loading class java/util/stream/ReduceOps$8ReducingSink done
Event: 41.803 Loading class java/util/stream/ReferencePipeline$5$1
Event: 41.803 Loading class java/util/stream/ReferencePipeline$5$1 done
Event: 41.834 Loading class java/lang/invoke/DirectMethodHandle$StaticAccessor
Event: 41.834 Loading class java/lang/invoke/DirectMethodHandle$StaticAccessor done
Event: 41.843 Loading class java/lang/IllegalCallerException
Event: 41.843 Loading class java/lang/IllegalCallerException done
Event: 41.851 Loading class java/lang/invoke/DirectMethodHandle$1
Event: 41.852 Loading class java/lang/invoke/DirectMethodHandle$1 done
Event: 41.858 Loading class org/xml/sax/SAXParseException
Event: 41.858 Loading class org/xml/sax/SAXParseException done
Event: 42.413 Loading class java/lang/Process
Event: 42.414 Loading class java/lang/Process done

Classes unloaded (0 events):
No events

Classes redefined (0 events):
No events

Internal exceptions (20 events):
Event: 1.551 Thread 0x000002f0d24c19c0 Exception <a 'sun/nio/fs/WindowsException'{0x00000000d65e21d8}> (0x00000000d65e21d8) 
thrown [s\src\hotspot\share\prims\jni.cpp, line 520]
Event: 1.553 Thread 0x000002f0d24c19c0 Exception <a 'sun/nio/fs/WindowsException'{0x00000000d65eec40}> (0x00000000d65eec40) 
thrown [s\src\hotspot\share\prims\jni.cpp, line 520]
Event: 1.631 Thread 0x000002f0d24c19c0 Exception <a 'java/lang/IncompatibleClassChangeError'{0x00000000d68f2800}: Found class java.lang.Object, but interface was expected> (0x00000000d68f2800) 
thrown [s\src\hotspot\share\interpreter\linkResolver.cpp, line 840]
Event: 1.633 Thread 0x000002f0d24c19c0 Exception <a 'java/lang/NoSuchMethodError'{0x00000000d6901bf0}: 'void java.lang.invoke.DirectMethodHandle$Holder.invokeInterface(java.lang.Object, java.lang.Object, java.lang.Object)'> (0x00000000d6901bf0) 
thrown [s\src\hotspot\share\interpreter\linkResolver.cpp, line 773]
Event: 1.666 Thread 0x000002f0d24c19c0 Exception <a 'java/lang/NoSuchMethodError'{0x00000000d6a59e68}: 'int java.lang.invoke.DirectMethodHandle$Holder.invokeStaticInit(java.lang.Object, java.lang.Object, java.lang.Object, java.lang.Object)'> (0x00000000d6a59e68) 
thrown [s\src\hotspot\share\interpreter\linkResolver.cpp, line 773]
Event: 1.669 Thread 0x000002f0d24c19c0 Exception <a 'java/lang/NoSuchMethodError'{0x00000000d6a644f8}: 'void java.lang.invoke.DirectMethodHandle$Holder.invokeStaticInit(java.lang.Object, java.lang.Object)'> (0x00000000d6a644f8) 
thrown [s\src\hotspot\share\interpreter\linkResolver.cpp, line 773]
Event: 1.670 Thread 0x000002f0d24c19c0 Exception <a 'java/lang/NoSuchMethodError'{0x00000000d6a699f8}: 'int java.lang.invoke.DirectMethodHandle$Holder.invokeStaticInit(java.lang.Object, java.lang.Object)'> (0x00000000d6a699f8) 
thrown [s\src\hotspot\share\interpreter\linkResolver.cpp, line 773]
Event: 1.721 Thread 0x000002f0d24c19c0 Exception <a 'java/lang/NoSuchMethodError'{0x00000000d6cba020}: 'java.lang.Object java.lang.invoke.DirectMethodHandle$Holder.newInvokeSpecial(java.lang.Object, int, java.lang.Object)'> (0x00000000d6cba020) 
thrown [s\src\hotspot\share\interpreter\linkResolver.cpp, line 773]
Event: 1.766 Thread 0x000002f0d24c19c0 Exception <a 'java/lang/ClassNotFoundException'{0x00000000d6e59ce8}: sun/net/www/protocol/plurl/Handler> (0x00000000d6e59ce8) 
thrown [s\src\hotspot\share\classfile\systemDictionary.cpp, line 312]
Event: 1.767 Thread 0x000002f0d24c19c0 Exception <a 'java/lang/ClassNotFoundException'{0x00000000d6e5ab68}: sun/net/www/protocol/plurl/Handler> (0x00000000d6e5ab68) 
thrown [s\src\hotspot\share\classfile\systemDictionary.cpp, line 312]
Event: 12.772 Thread 0x000002f0d24c19c0 Exception <a 'java/lang/UnsatisfiedLinkError'{0x00000000d59b83c0}: 'void org.eclipse.equinox.launcher.JNIBridge._update_splash()'> (0x00000000d59b83c0) 
thrown [s\src\hotspot\share\prims\nativeLookup.cpp, line 415]
Event: 13.076 Thread 0x000002f0f1026900 Exception <a 'java/lang/NoSuchMethodError'{0x00000000d5ddda80}: 'java.lang.Object java.lang.invoke.DirectMethodHandle$Holder.newInvokeSpecial(java.lang.Object, java.lang.Object, int, java.lang.Object)'> (0x00000000d5ddda80) 
thrown [s\src\hotspot\share\interpreter\linkResolver.cpp, line 773]
Event: 13.076 Thread 0x000002f0f1026900 Exception <a 'java/lang/NoSuchMethodError'{0x00000000d5de18f0}: 'java.lang.Object java.lang.invoke.DirectMethodHandle$Holder.invokeSpecial(java.lang.Object, java.lang.Object, java.lang.Object, int, java.lang.Object)'> (0x00000000d5de18f0) 
thrown [s\src\hotspot\share\interpreter\linkResolver.cpp, line 773]
Event: 13.144 Thread 0x000002f0f1026900 Exception <a 'java/lang/NoClassDefFoundError'{0x00000000d5e89c80}: jakarta/servlet/ServletContainerInitializer> (0x00000000d5e89c80) 
thrown [s\src\hotspot\share\classfile\systemDictionary.cpp, line 301]
Event: 13.257 Thread 0x000002f0f1026900 Exception <a 'java/lang/ClassNotFoundException'{0x00000000d5ff9468}: sun/util/logging/resources/spi/loggingProvider> (0x00000000d5ff9468) 
thrown [s\src\hotspot\share\classfile\systemDictionary.cpp, line 312]
Event: 40.345 Thread 0x000002f0f1026900 Exception <a 'java/lang/NullPointerException'{0x00000000d68ba258}> (0x00000000d68ba258) 
thrown [s\src\hotspot\share\interpreter\linkResolver.cpp, line 1372]
Event: 40.345 Thread 0x000002f0f1026900 Exception <a 'java/lang/NullPointerException'{0x00000000d68ba538}> (0x00000000d68ba538) 
thrown [s\src\hotspot\share\interpreter\linkResolver.cpp, line 1372]
Event: 41.797 Thread 0x000002f0f1026900 Exception <a 'java/lang/NoSuchMethodError'{0x00000000d59b1db8}: 'long java.lang.invoke.DirectMethodHandle$Holder.invokeSpecial(java.lang.Object, java.lang.Object)'> (0x00000000d59b1db8) 
thrown [s\src\hotspot\share\interpreter\linkResolver.cpp, line 773]
Event: 41.836 Thread 0x000002f0f1026900 Exception <a 'java/lang/NoSuchMethodError'{0x00000000d5a6fcd8}: 'void java.lang.invoke.Invokers$Holder.invokeExact_MT(java.lang.Object, java.lang.Object, java.lang.Object)'> (0x00000000d5a6fcd8) 
thrown [s\src\hotspot\share\interpreter\linkResolver.cpp, line 773]
Event: 42.331 Thread 0x000002f0f1026900 Exception <a 'java/io/FileNotFoundException'{0x00000000d62dd398}> (0x00000000d62dd398) 
thrown [s\src\hotspot\share\prims\jni.cpp, line 520]

ZGC Phase Switch (0 events):
No events

VM Operations (20 events):
Event: 32.439 Executing VM operation: Cleanup
Event: 32.439 Executing VM operation: Cleanup done
Event: 34.446 Executing VM operation: Cleanup
Event: 34.446 Executing VM operation: Cleanup done
Event: 38.465 Executing VM operation: Cleanup
Event: 38.465 Executing VM operation: Cleanup done
Event: 39.471 Executing VM operation: Cleanup
Event: 39.471 Executing VM operation: Cleanup done
Event: 40.253 Executing VM operation: HandshakeAllThreads (Deoptimize)
Event: 40.253 Executing VM operation: HandshakeAllThreads (Deoptimize) done
Event: 41.265 Executing VM operation: Cleanup
Event: 41.375 Executing VM operation: Cleanup done
Event: 41.550 Executing VM operation: ParallelGCFailedAllocation (Allocation Failure)
Event: 41.559 Executing VM operation: ParallelGCFailedAllocation (Allocation Failure) done
Event: 41.569 Executing VM operation: HandshakeAllThreads (Deoptimize)
Event: 41.569 Executing VM operation: HandshakeAllThreads (Deoptimize) done
Event: 42.571 Executing VM operation: Cleanup
Event: 43.482 Executing VM operation: Cleanup done
Event: 44.495 Executing VM operation: Cleanup
Event: 44.495 Executing VM operation: Cleanup done

Memory protections (0 events):
No events

Nmethod flushes (0 events):
No events

Events (20 events):
Event: 15.944 Thread 0x000002f0f0ab7ac0 Thread exited: 0x000002f0f0ab7ac0
Event: 18.223 Thread 0x000002f0d245e0c0 Thread added: 0x000002f0ea3f8a90
Event: 18.653 Thread 0x000002f0ea3f8a90 Thread exited: 0x000002f0ea3f8a90
Event: 18.711 Thread 0x000002f0f1026900 Thread added: 0x000002f0ea3f8a90
Event: 31.726 Thread 0x000002f0ea22d110 Thread added: 0x000002f0f0cba8b0
Event: 31.727 Thread 0x000002f0f0cba8b0 Thread added: 0x000002f0f08e9db0
Event: 32.074 Thread 0x000002f0f0cba8b0 Thread added: 0x000002f0f120c370
Event: 32.111 Thread 0x000002f0ea22d110 Thread added: 0x000002f0f0780f60
Event: 32.128 Thread 0x000002f0f08e9db0 Thread added: 0x000002f0f0382240
Event: 32.136 Thread 0x000002f0f08e9db0 Thread added: 0x000002f0f008ab00
Event: 35.115 Thread 0x000002f0f008ab00 Thread exited: 0x000002f0f008ab00
Event: 35.299 Thread 0x000002f0f0382240 Thread exited: 0x000002f0f0382240
Event: 35.299 Thread 0x000002f0f120c370 Thread exited: 0x000002f0f120c370
Event: 35.299 Thread 0x000002f0f0780f60 Thread exited: 0x000002f0f0780f60
Event: 36.650 Thread 0x000002f0f08e9db0 Thread exited: 0x000002f0f08e9db0
Event: 36.650 Thread 0x000002f0f0cba8b0 Thread exited: 0x000002f0f0cba8b0
Event: 41.528 Thread 0x000002f0f1026900 Thread added: 0x000002f0f0852bb0
Event: 41.980 Thread 0x000002f0d245e0c0 Thread added: 0x000002f0f07fa550
Event: 42.013 Thread 0x000002f0d245e0c0 Thread added: 0x000002f0f03d9500
Event: 42.142 Thread 0x000002f0d245e0c0 Thread added: 0x000002f0f113ea70


Dynamic libraries:
0x00007ff636760000 - 0x00007ff63676e000 	c:\Users\orgil\.vscode\extensions\redhat.java-1.47.0-win32-x64\jre\21.0.8-win32-x86_64\bin\java.exe
0x00007ffc29e20000 - 0x00007ffc2a088000 	C:\WINDOWS\SYSTEM32\ntdll.dll
0x00007ffc28630000 - 0x00007ffc286f9000 	C:\WINDOWS\System32\KERNEL32.DLL
0x00007ffc27710000 - 0x00007ffc27b08000 	C:\WINDOWS\System32\KERNELBASE.dll
0x00007ffc23ac0000 - 0x00007ffc23b5f000 	C:\WINDOWS\SYSTEM32\apphelp.dll
0x00007ffc27460000 - 0x00007ffc275ab000 	C:\WINDOWS\System32\ucrtbase.dll
0x00007ffbfa020000 - 0x00007ffbfa03e000 	c:\Users\orgil\.vscode\extensions\redhat.java-1.47.0-win32-x64\jre\21.0.8-win32-x86_64\bin\VCRUNTIME140.dll
0x00007ffbfa130000 - 0x00007ffbfa148000 	c:\Users\orgil\.vscode\extensions\redhat.java-1.47.0-win32-x64\jre\21.0.8-win32-x86_64\bin\jli.dll
0x00007ffc27d40000 - 0x00007ffc27f07000 	C:\WINDOWS\System32\USER32.dll
0x00007ffc276e0000 - 0x00007ffc27707000 	C:\WINDOWS\System32\win32u.dll
0x00007ffc0e0a0000 - 0x00007ffc0e334000 	C:\WINDOWS\WinSxS\amd64_microsoft.windows.common-controls_6595b64144ccf1df_6.0.26100.7019_none_3e06ffa0e335b8a8\COMCTL32.dll
0x00007ffc29cc0000 - 0x00007ffc29ceb000 	C:\WINDOWS\System32\GDI32.dll
0x00007ffc283a0000 - 0x00007ffc28449000 	C:\WINDOWS\System32\msvcrt.dll
0x00007ffc275b0000 - 0x00007ffc276dc000 	C:\WINDOWS\System32\gdi32full.dll
0x00007ffc27b10000 - 0x00007ffc27bb3000 	C:\WINDOWS\System32\msvcp_win.dll
0x00007ffc29c80000 - 0x00007ffc29cb1000 	C:\WINDOWS\System32\IMM32.DLL
0x00007ffbfa010000 - 0x00007ffbfa01c000 	c:\Users\orgil\.vscode\extensions\redhat.java-1.47.0-win32-x64\jre\21.0.8-win32-x86_64\bin\vcruntime140_1.dll
0x00007ffbf6040000 - 0x00007ffbf60cd000 	c:\Users\orgil\.vscode\extensions\redhat.java-1.47.0-win32-x64\jre\21.0.8-win32-x86_64\bin\msvcp140.dll
0x00007ffb90c50000 - 0x00007ffb919e7000 	c:\Users\orgil\.vscode\extensions\redhat.java-1.47.0-win32-x64\jre\21.0.8-win32-x86_64\bin\server\jvm.dll
0x00007ffc29bc0000 - 0x00007ffc29c74000 	C:\WINDOWS\System32\ADVAPI32.dll
0x00007ffc29480000 - 0x00007ffc29526000 	C:\WINDOWS\System32\sechost.dll
0x00007ffc29040000 - 0x00007ffc29158000 	C:\WINDOWS\System32\RPCRT4.dll
0x00007ffc29160000 - 0x00007ffc291d4000 	C:\WINDOWS\System32\WS2_32.dll
0x00007ffc26dd0000 - 0x00007ffc26e2e000 	C:\WINDOWS\SYSTEM32\POWRPROF.dll
0x00007ffc162e0000 - 0x00007ffc162eb000 	C:\WINDOWS\SYSTEM32\VERSION.dll
0x00007ffc1c000000 - 0x00007ffc1c035000 	C:\WINDOWS\SYSTEM32\WINMM.dll
0x00007ffc26db0000 - 0x00007ffc26dc4000 	C:\WINDOWS\SYSTEM32\UMPDC.dll
0x00007ffc25c50000 - 0x00007ffc25c6b000 	C:\WINDOWS\SYSTEM32\kernel.appcore.dll
0x00007ffbf9fd0000 - 0x00007ffbf9fda000 	c:\Users\orgil\.vscode\extensions\redhat.java-1.47.0-win32-x64\jre\21.0.8-win32-x86_64\bin\jimage.dll
0x00007ffc24800000 - 0x00007ffc24a42000 	C:\WINDOWS\SYSTEM32\DBGHELP.DLL
0x00007ffc29830000 - 0x00007ffc29bbb000 	C:\WINDOWS\System32\combase.dll
0x00007ffc29550000 - 0x00007ffc29627000 	C:\WINDOWS\System32\OLEAUT32.dll
0x00007ffc085d0000 - 0x00007ffc0860c000 	C:\WINDOWS\SYSTEM32\dbgcore.DLL
0x00007ffc27030000 - 0x00007ffc270d5000 	C:\WINDOWS\System32\bcryptPrimitives.dll
0x00007ffbf7d80000 - 0x00007ffbf7d8f000 	c:\Users\orgil\.vscode\extensions\redhat.java-1.47.0-win32-x64\jre\21.0.8-win32-x86_64\bin\instrument.dll
0x00007ffbf7d60000 - 0x00007ffbf7d7f000 	c:\Users\orgil\.vscode\extensions\redhat.java-1.47.0-win32-x64\jre\21.0.8-win32-x86_64\bin\java.dll
0x00007ffc287f0000 - 0x00007ffc28f3f000 	C:\WINDOWS\System32\SHELL32.dll
0x00007ffc270e0000 - 0x00007ffc2724b000 	C:\WINDOWS\System32\wintypes.dll
0x00007ffc24b50000 - 0x00007ffc253ad000 	C:\WINDOWS\SYSTEM32\windows.storage.dll
0x00007ffc291e0000 - 0x00007ffc292d2000 	C:\WINDOWS\System32\SHCORE.dll
0x00007ffc297c0000 - 0x00007ffc29827000 	C:\WINDOWS\System32\shlwapi.dll
0x00007ffc26e90000 - 0x00007ffc26eb9000 	C:\WINDOWS\SYSTEM32\profapi.dll
0x00007ffbf7a20000 - 0x00007ffbf7a38000 	c:\Users\orgil\.vscode\extensions\redhat.java-1.47.0-win32-x64\jre\21.0.8-win32-x86_64\bin\zip.dll
0x00007ffbf7820000 - 0x00007ffbf7830000 	C:\Users\orgil\.vscode\extensions\redhat.java-1.47.0-win32-x64\jre\21.0.8-win32-x86_64\bin\net.dll
0x00007ffc17260000 - 0x00007ffc17388000 	C:\WINDOWS\SYSTEM32\WINHTTP.dll
0x00007ffc26240000 - 0x00007ffc262ab000 	C:\WINDOWS\system32\mswsock.dll
0x00007ffbf7360000 - 0x00007ffbf7376000 	C:\Users\orgil\.vscode\extensions\redhat.java-1.47.0-win32-x64\jre\21.0.8-win32-x86_64\bin\nio.dll
0x00007ffbf7a10000 - 0x00007ffbf7a20000 	c:\Users\orgil\.vscode\extensions\redhat.java-1.47.0-win32-x64\jre\21.0.8-win32-x86_64\bin\verify.dll
0x00007ffb8d5c0000 - 0x00007ffb8d604000 	C:\Users\orgil\AppData\Roaming\Code\User\globalStorage\redhat.java\1.47.0\config_win\org.eclipse.equinox.launcher\org.eclipse.equinox.launcher.win32.win32.x86_64_1.2.1400.v20250801-0854\eclipse_11916.dll
0x00007ffc292e0000 - 0x00007ffc29477000 	C:\WINDOWS\System32\ole32.dll

JVMTI agents:
c:\Users\orgil\.vscode\extensions\redhat.java-1.47.0-win32-x64\lombok\lombok-1.18.39-4050.jar path:c:\Users\orgil\.vscode\extensions\redhat.java-1.47.0-win32-x64\jre\21.0.8-win32-x86_64\bin\instrument.dll, loaded, initialized, instrumentlib options:none

dbghelp: loaded successfully - version: 4.0.5 - missing functions: none
symbol engine: initialized successfully - sym options: 0x614 - pdb path: .;c:\Users\orgil\.vscode\extensions\redhat.java-1.47.0-win32-x64\jre\21.0.8-win32-x86_64\bin;C:\WINDOWS\SYSTEM32;C:\WINDOWS\WinSxS\amd64_microsoft.windows.common-controls_6595b64144ccf1df_6.0.26100.7019_none_3e06ffa0e335b8a8;c:\Users\orgil\.vscode\extensions\redhat.java-1.47.0-win32-x64\jre\21.0.8-win32-x86_64\bin\server;C:\Users\orgil\AppData\Roaming\Code\User\globalStorage\redhat.java\1.47.0\config_win\org.eclipse.equinox.launcher\org.eclipse.equinox.launcher.win32.win32.x86_64_1.2.1400.v20250801-0854

VM Arguments:
jvm_args: --add-modules=ALL-SYSTEM --add-opens=java.base/java.util=ALL-UNNAMED --add-opens=java.base/java.lang=ALL-UNNAMED --add-opens=java.base/sun.nio.fs=ALL-UNNAMED -Declipse.application=org.eclipse.jdt.ls.core.id1 -Dosgi.bundles.defaultStartLevel=4 -Declipse.product=org.eclipse.jdt.ls.core.product -Djava.import.generatesMetadataFilesAtProjectRoot=false -DDetectVMInstallationsJob.disabled=true -Dfile.encoding=utf8 -XX:+UseParallelGC -XX:GCTimeRatio=4 -XX:AdaptiveSizePolicyWeight=90 -Dsun.zip.disableMemoryMapping=true -Xmx2G -Xms100m -Xlog:disable -javaagent:c:\Users\orgil\.vscode\extensions\redhat.java-1.47.0-win32-x64\lombok\lombok-1.18.39-4050.jar -XX:+HeapDumpOnOutOfMemoryError -XX:HeapDumpPath=c:\Users\orgil\AppData\Roaming\Code\User\workspaceStorage\cd0713a03f285024dd52b99167a2dbcd\redhat.java -Daether.dependencyCollector.impl=bf 
java_command: c:\Users\orgil\.vscode\extensions\redhat.java-1.47.0-win32-x64\server\plugins\org.eclipse.equinox.launcher_1.7.100.v20251014-1222.jar -configuration c:\Users\orgil\AppData\Roaming\Code\User\globalStorage\redhat.java\1.47.0\config_win -data c:\Users\orgil\AppData\Roaming\Code\User\workspaceStorage\cd0713a03f285024dd52b99167a2dbcd\redhat.java\jdt_ws --pipe=\\.\pipe\lsp-294801c7397ec90074e4b12207007469-sock
java_class_path (initial): c:\Users\orgil\.vscode\extensions\redhat.java-1.47.0-win32-x64\server\plugins\org.eclipse.equinox.launcher_1.7.100.v20251014-1222.jar
Launcher Type: SUN_STANDARD

[Global flags]
    uintx AdaptiveSizePolicyWeight                 = 90                                        {product} {command line}
     intx CICompilerCount                          = 12                                        {product} {ergonomic}
    uintx GCTimeRatio                              = 4                                         {product} {command line}
     bool HeapDumpOnOutOfMemoryError               = true                                   {manageable} {command line}
    ccstr HeapDumpPath                             = c:\Users\orgil\AppData\Roaming\Code\User\workspaceStorage\cd0713a03f285024dd52b99167a2dbcd\redhat.java         {manageable} {command line}
   size_t InitialHeapSize                          = 104857600                                 {product} {command line}
   size_t MaxHeapSize                              = 2147483648                                {product} {command line}
   size_t MaxNewSize                               = 715653120                                 {product} {ergonomic}
   size_t MinHeapDeltaBytes                        = 524288                                    {product} {ergonomic}
   size_t MinHeapSize                              = 104857600                                 {product} {command line}
   size_t NewSize                                  = 34603008                                  {product} {ergonomic}
    uintx NonNMethodCodeHeapSize                   = 7602480                                {pd product} {ergonomic}
    uintx NonProfiledCodeHeapSize                  = 122027880                              {pd product} {ergonomic}
   size_t OldSize                                  = 70254592                                  {product} {ergonomic}
    uintx ProfiledCodeHeapSize                     = 122027880                              {pd product} {ergonomic}
    uintx ReservedCodeCacheSize                    = 251658240                              {pd product} {ergonomic}
     bool SegmentedCodeCache                       = true                                      {product} {ergonomic}
   size_t SoftMaxHeapSize                          = 2147483648                             {manageable} {ergonomic}
     bool UseCompressedOops                        = true                           {product lp64_product} {ergonomic}
     bool UseLargePagesIndividualAllocation        = false                                  {pd product} {ergonomic}
     bool UseParallelGC                            = true                                      {product} {command line}

Logging:
Log output configuration:
 #0: stdout all=off uptime,level,tags foldmultilines=false
 #1: stderr all=off uptime,level,tags foldmultilines=false

Environment Variables:
JAVA_HOME=C:\Program Files\Eclipse Adoptium\jdk-17.0.13.11-hotspot\
PATH=C:\Program Files\Eclipse Adoptium\jdk-21.0.8.9-hotspot\bin;C:\Program Files\Eclipse Adoptium\jdk-17.0.13.11-hotspot\bin;C:\WINDOWS\system32;C:\WINDOWS;C:\WINDOWS\System32\Wbem;C:\WINDOWS\System32\WindowsPowerShell\v1.0\;C:\WINDOWS\System32\OpenSSH\;C:\Program Files\dotnet\;C:\Users\orgil\AppData\Local\Muse Hub\lib;C:\Program Files\Git\cmd;C:\Users\orgil\AppData\Local\Programs\Python\Launcher\;C:\Users\orgil\AppData\Local\Microsoft\WindowsApps;C:\Users\orgil\AppData\Local\Programs\Microsoft VS Code\bin;C:\msys64\ucrt64\bin;C:\Program Files (x86)\Nmap;C:\Users\orgil\AppData\Local\Muse Hub\lib;C:\Users\orgil\AppData\Local\GitHubDesktop\bin
USERNAME=orgil
OS=Windows_NT
PROCESSOR_IDENTIFIER=Intel64 Family 6 Model 154 Stepping 3, GenuineIntel
TMP=C:\Users\orgil\AppData\Local\Temp
TEMP=C:\Users\orgil\AppData\Local\Temp




Periodic native trim disabled

---------------  S Y S T E M  ---------------

OS:
 Windows 11 , 64 bit Build 26100 (10.0.26100.7019)
OS uptime: 0 days 0:37 hours
Hyper-V role detected

CPU: total 16 (initial active 16) (8 cores per cpu, 2 threads per core) family 6 model 154 stepping 3 microcode 0x432, cx8, cmov, fxsr, ht, mmx, 3dnowpref, sse, sse2, sse3, ssse3, sse4.1, sse4.2, popcnt, lzcnt, tsc, tscinvbit, avx, avx2, aes, erms, clmul, bmi1, bmi2, adx, sha, fma, vzeroupper, clflush, clflushopt, clwb, hv, serialize, rdtscp, rdpid, fsrm, f16c, cet_ibt, cet_ss
Processor Information for processor 0
  Max Mhz: 2500, Current Mhz: 1532, Mhz Limit: 2500
Processor Information for processor 1
  Max Mhz: 2500, Current Mhz: 1532, Mhz Limit: 2500
Processor Information for processor 2
  Max Mhz: 2500, Current Mhz: 1532, Mhz Limit: 2500
Processor Information for processor 3
  Max Mhz: 2500, Current Mhz: 1532, Mhz Limit: 2500
Processor Information for processor 4
  Max Mhz: 2500, Current Mhz: 1532, Mhz Limit: 2500
Processor Information for processor 5
  Max Mhz: 2500, Current Mhz: 1532, Mhz Limit: 2500
Processor Information for processor 6
  Max Mhz: 2500, Current Mhz: 1532, Mhz Limit: 2500
Processor Information for processor 7
  Max Mhz: 2500, Current Mhz: 1532, Mhz Limit: 2500
Processor Information for processor 8
  Max Mhz: 2500, Current Mhz: 1500, Mhz Limit: 1800
Processor Information for processor 9
  Max Mhz: 2500, Current Mhz: 1500, Mhz Limit: 1800
Processor Information for processor 10
  Max Mhz: 2500, Current Mhz: 1500, Mhz Limit: 1800
Processor Information for processor 11
  Max Mhz: 2500, Current Mhz: 1500, Mhz Limit: 1800
Processor Information for processor 12
  Max Mhz: 2500, Current Mhz: 1800, Mhz Limit: 1800
Processor Information for processor 13
  Max Mhz: 2500, Current Mhz: 1500, Mhz Limit: 1800
Processor Information for processor 14
  Max Mhz: 2500, Current Mhz: 1500, Mhz Limit: 1800
Processor Information for processor 15
  Max Mhz: 2500, Current Mhz: 1500, Mhz Limit: 1800

Memory: 4k page, system-wide physical 16004M (2017M free)
TotalPageFile size 16004M (AvailPageFile size 1M)
current process WorkingSet (physical memory assigned to process): 121M, peak: 126M
current process commit charge ("private bytes"): 274M, peak: 282M

vm_info: OpenJDK 64-Bit Server VM (21.0.8+9-LTS) for windows-amd64 JRE (21.0.8+9-LTS), built on 2025-07-15T00:00:00Z by "admin" with MS VC++ 17.7 (VS2022)

END.
