#
# There is insufficient memory for the Java Runtime Environment to continue.
# Native memory allocation (malloc) failed to allocate 899904 bytes. Error detail: Chunk::new
# Possible reasons:
#   The system is out of physical RAM or swap space
#   This process is running with CompressedOops enabled, and the Java Heap may be blocking the growth of the native heap
# Possible solutions:
#   Reduce memory load on the system
#   Increase physical memory or swap space
#   Check if swap backing store is full
#   Decrease Java heap size (-Xmx/-Xms)
#   Decrease number of Java threads
#   Decrease Java thread stack sizes (-Xss)
#   Set larger code cache with -XX:ReservedCodeCacheSize=
#   JVM is running with Unscaled Compressed Oops mode in which the Java heap is
#     placed in the first 4GB address space. The Java Heap base address is the
#     maximum limit for the native heap growth. Please use -XX:HeapBaseMinAddress
#     to set the Java Heap base and to place the Java Heap above 4GB virtual address.
# This output file may be truncated or incomplete.
#
#  Out of Memory Error (arena.cpp:168), pid=3192, tid=3440
#
# JRE version: OpenJDK Runtime Environment Temurin-21.0.8+9 (21.0.8+9) (build 21.0.8+9-LTS)
# Java VM: OpenJDK 64-Bit Server VM Temurin-21.0.8+9 (21.0.8+9-LTS, mixed mode, sharing, tiered, compressed oops, compressed class ptrs, parallel gc, windows-amd64)
# No core dump will be written. Minidumps are not enabled by default on client versions of Windows
#

---------------  S U M M A R Y ------------

Command Line: --add-modules=ALL-SYSTEM --add-opens=java.base/java.util=ALL-UNNAMED --add-opens=java.base/java.lang=ALL-UNNAMED --add-opens=java.base/sun.nio.fs=ALL-UNNAMED -Declipse.application=org.eclipse.jdt.ls.core.id1 -Dosgi.bundles.defaultStartLevel=4 -Declipse.product=org.eclipse.jdt.ls.core.product -Djava.import.generatesMetadataFilesAtProjectRoot=false -DDetectVMInstallationsJob.disabled=true -Dfile.encoding=utf8 -XX:+UseParallelGC -XX:GCTimeRatio=4 -XX:AdaptiveSizePolicyWeight=90 -Dsun.zip.disableMemoryMapping=true -Xmx2G -Xms100m -Xlog:disable -javaagent:c:\Users\orgil\.vscode\extensions\redhat.java-1.47.0-win32-x64\lombok\lombok-1.18.39-4050.jar -XX:+HeapDumpOnOutOfMemoryError -XX:HeapDumpPath=c:\Users\orgil\AppData\Roaming\Code\User\workspaceStorage\cd0713a03f285024dd52b99167a2dbcd\redhat.java -Daether.dependencyCollector.impl=bf c:\Users\orgil\.vscode\extensions\redhat.java-1.47.0-win32-x64\server\plugins\org.eclipse.equinox.launcher_1.7.100.v20251014-1222.jar -configuration c:\Users\orgil\AppData\Roaming\Code\User\globalStorage\redhat.java\1.47.0\config_win -data c:\Users\orgil\AppData\Roaming\Code\User\workspaceStorage\cd0713a03f285024dd52b99167a2dbcd\redhat.java\jdt_ws --pipe=\\.\pipe\lsp-893fe44c78aaf9416e4a8b62cba7da2a-sock

Host: 12th Gen Intel(R) Core(TM) i5-12500H, 16 cores, 15G,  Windows 11 , 64 bit Build 26100 (10.0.26100.7019)
Time: Sun Nov 16 14:06:01 2025 elapsed time: 14.249225 seconds (0d 0h 0m 14s)

---------------  T H R E A D  ---------------

Current thread (0x0000022178986ce0):  JavaThread "C2 CompilerThread2" daemon [_thread_in_native, id=3440, stack(0x000000f039600000,0x000000f039700000) (1024K)]


Current CompileTask:
C2:14249 4210       4       lombok.patcher.PatchScript$MethodPatcher::visitMethod (158 bytes)

Stack: [0x000000f039600000,0x000000f039700000]
Native frames: (J=compiled Java code, j=interpreted, Vv=VM code, C=native code)
V  [jvm.dll+0x6d2449]
V  [jvm.dll+0x8ae341]
V  [jvm.dll+0x8b08be]
V  [jvm.dll+0x8b0fa3]
V  [jvm.dll+0x280c96]
V  [jvm.dll+0xc581d]
V  [jvm.dll+0xc5d53]
V  [jvm.dll+0x3b919c]
V  [jvm.dll+0x385315]
V  [jvm.dll+0x38477a]
V  [jvm.dll+0x248ed0]
V  [jvm.dll+0x2484af]
V  [jvm.dll+0x1c89ee]
V  [jvm.dll+0x257d4d]
V  [jvm.dll+0x2562ea]
V  [jvm.dll+0x3f2d16]
V  [jvm.dll+0x857e6b]
V  [jvm.dll+0x6d0b0d]
C  [ucrtbase.dll+0x37b0]
C  [KERNEL32.DLL+0x2e8d7]
C  [ntdll.dll+0x8c53c]


---------------  P R O C E S S  ---------------

Threads class SMR info:
_java_thread_list=0x000002217f6393b0, length=27, elements={
0x000002216fc1ad20, 0x000002216fcc0f80, 0x000002216fcc3250, 0x000002216fcc7520,
0x000002216fcc8170, 0x000002216fbca2f0, 0x000002216fbcda20, 0x000002216fcdd150,
0x0000022178986610, 0x00000221789873b0, 0x0000022178ac5f20, 0x000002217a3590d0,
0x000002217a639e80, 0x000002217f327f20, 0x000002217f05bac0, 0x000002217f0c6f30,
0x000002217f9cd890, 0x000002217f4a0d80, 0x000002217f78c9b0, 0x000002217f78ea80,
0x000002217f78d040, 0x000002217f78c320, 0x0000022178987a80, 0x000002217f78d6d0,
0x0000022178986ce0, 0x000002217f78dd60, 0x00000221789895c0
}

Java Threads: ( => current thread )
  0x000002216fc1ad20 JavaThread "main"                              [_thread_blocked, id=20236, stack(0x000000f036d00000,0x000000f036e00000) (1024K)]
  0x000002216fcc0f80 JavaThread "Reference Handler"          daemon [_thread_blocked, id=12140, stack(0x000000f037100000,0x000000f037200000) (1024K)]
  0x000002216fcc3250 JavaThread "Finalizer"                  daemon [_thread_blocked, id=2980, stack(0x000000f037200000,0x000000f037300000) (1024K)]
  0x000002216fcc7520 JavaThread "Signal Dispatcher"          daemon [_thread_blocked, id=16240, stack(0x000000f037300000,0x000000f037400000) (1024K)]
  0x000002216fcc8170 JavaThread "Attach Listener"            daemon [_thread_blocked, id=11704, stack(0x000000f037400000,0x000000f037500000) (1024K)]
  0x000002216fbca2f0 JavaThread "Service Thread"             daemon [_thread_blocked, id=3360, stack(0x000000f037500000,0x000000f037600000) (1024K)]
  0x000002216fbcda20 JavaThread "Monitor Deflation Thread"   daemon [_thread_blocked, id=20276, stack(0x000000f037600000,0x000000f037700000) (1024K)]
  0x000002216fcdd150 JavaThread "C2 CompilerThread0"         daemon [_thread_in_native, id=896, stack(0x000000f037700000,0x000000f037800000) (1024K)]
  0x0000022178986610 JavaThread "C1 CompilerThread0"         daemon [_thread_blocked, id=19520, stack(0x000000f037800000,0x000000f037900000) (1024K)]
  0x00000221789873b0 JavaThread "C1 CompilerThread1"         daemon [_thread_blocked, id=3924, stack(0x000000f037900000,0x000000f037a00000) (1024K)]
  0x0000022178ac5f20 JavaThread "Common-Cleaner"             daemon [_thread_blocked, id=14596, stack(0x000000f037a00000,0x000000f037b00000) (1024K)]
  0x000002217a3590d0 JavaThread "Notification Thread"        daemon [_thread_blocked, id=5332, stack(0x000000f037e00000,0x000000f037f00000) (1024K)]
  0x000002217a639e80 JavaThread "Active Thread: Equinox Container: d7bc9128-e7d4-419c-bf6c-2d806c37e4f1"        [_thread_blocked, id=9264, stack(0x000000f038700000,0x000000f038800000) (1024K)]
  0x000002217f327f20 JavaThread "Refresh Thread: Equinox Container: d7bc9128-e7d4-419c-bf6c-2d806c37e4f1" daemon [_thread_blocked, id=9832, stack(0x000000f038900000,0x000000f038a00000) (1024K)]
  0x000002217f05bac0 JavaThread "Framework Event Dispatcher: Equinox Container: d7bc9128-e7d4-419c-bf6c-2d806c37e4f1" daemon [_thread_blocked, id=13916, stack(0x000000f038a00000,0x000000f038b00000) (1024K)]
  0x000002217f0c6f30 JavaThread "Start Level: Equinox Container: d7bc9128-e7d4-419c-bf6c-2d806c37e4f1" daemon [_thread_in_native, id=9036, stack(0x000000f038600000,0x000000f038700000) (1024K)]
  0x000002217f9cd890 JavaThread "Bundle File Closer"         daemon [_thread_blocked, id=19028, stack(0x000000f038d00000,0x000000f038e00000) (1024K)]
  0x000002217f4a0d80 JavaThread "SCR Component Actor"        daemon [_thread_blocked, id=19428, stack(0x000000f038e00000,0x000000f038f00000) (1024K)]
  0x000002217f78c9b0 JavaThread "Worker-JM"                         [_thread_blocked, id=19980, stack(0x000000f037b00000,0x000000f037c00000) (1024K)]
  0x000002217f78ea80 JavaThread "JNA Cleaner"                daemon [_thread_blocked, id=18756, stack(0x000000f037f00000,0x000000f038000000) (1024K)]
  0x000002217f78d040 JavaThread "Worker-0: Updating Maven Dependencies"        [_thread_blocked, id=11556, stack(0x000000f039000000,0x000000f039100000) (1024K)]
  0x000002217f78c320 JavaThread "Worker-1: Repository registry initialization"        [_thread_in_native, id=16624, stack(0x000000f039300000,0x000000f039400000) (1024K)]
  0x0000022178987a80 JavaThread "C2 CompilerThread1"         daemon [_thread_in_native, id=6856, stack(0x000000f039400000,0x000000f039500000) (1024K)]
  0x000002217f78d6d0 JavaThread "Worker-2"                          [_thread_blocked, id=7460, stack(0x000000f039500000,0x000000f039600000) (1024K)]
=>0x0000022178986ce0 JavaThread "C2 CompilerThread2"         daemon [_thread_in_native, id=3440, stack(0x000000f039600000,0x000000f039700000) (1024K)]
  0x000002217f78dd60 JavaThread "Worker-3"                          [_thread_blocked, id=3584, stack(0x000000f039700000,0x000000f039800000) (1024K)]
  0x00000221789895c0 JavaThread "C2 CompilerThread3"         daemon [_thread_in_native, id=18644, stack(0x000000f037d00000,0x000000f037e00000) (1024K)]
Total: 27

Other Threads:
  0x000002216fbb4920 VMThread "VM Thread"                           [id=14040, stack(0x000000f037000000,0x000000f037100000) (1024K)]
  0x000002216faaca00 WatcherThread "VM Periodic Task Thread"        [id=18668, stack(0x000000f036f00000,0x000000f037000000) (1024K)]
  0x000002216fc39090 WorkerThread "GC Thread#0"                     [id=12632, stack(0x000000f036e00000,0x000000f036f00000) (1024K)]
  0x000002217a3e99b0 WorkerThread "GC Thread#1"                     [id=13056, stack(0x000000f038000000,0x000000f038100000) (1024K)]
  0x000002217a6cb000 WorkerThread "GC Thread#2"                     [id=6824, stack(0x000000f038100000,0x000000f038200000) (1024K)]
  0x000002217a6d7c90 WorkerThread "GC Thread#3"                     [id=19216, stack(0x000000f038200000,0x000000f038300000) (1024K)]
  0x000002217aa63660 WorkerThread "GC Thread#4"                     [id=6896, stack(0x000000f038300000,0x000000f038400000) (1024K)]
  0x000002217a6d8030 WorkerThread "GC Thread#5"                     [id=18964, stack(0x000000f038400000,0x000000f038500000) (1024K)]
  0x000002217a6d83d0 WorkerThread "GC Thread#6"                     [id=8160, stack(0x000000f038500000,0x000000f038600000) (1024K)]
  0x000002217a9c29e0 WorkerThread "GC Thread#7"                     [id=8208, stack(0x000000f038800000,0x000000f038900000) (1024K)]
  0x000002217f683540 WorkerThread "GC Thread#8"                     [id=1984, stack(0x000000f038b00000,0x000000f038c00000) (1024K)]
  0x000002217f6838e0 WorkerThread "GC Thread#9"                     [id=4292, stack(0x000000f038c00000,0x000000f038d00000) (1024K)]
  0x000002217f5561a0 WorkerThread "GC Thread#10"                    [id=11656, stack(0x000000f038f00000,0x000000f039000000) (1024K)]
  0x000002217f5568e0 WorkerThread "GC Thread#11"                    [id=6276, stack(0x000000f039100000,0x000000f039200000) (1024K)]
  0x000002217f555320 WorkerThread "GC Thread#12"                    [id=11700, stack(0x000000f039200000,0x000000f039300000) (1024K)]
Total: 15

Threads with active compile tasks:
C2 CompilerThread0  14297 4198       4       org.lombokweb.asm.ClassReader::readMethod (1070 bytes)
C2 CompilerThread1  14297 4300   !   4       org.eclipse.osgi.internal.loader.classpath.ClasspathManager::findClassImpl (328 bytes)
C2 CompilerThread2  14297 4210       4       lombok.patcher.PatchScript$MethodPatcher::visitMethod (158 bytes)
C2 CompilerThread3  14297 4249       4       java.lang.invoke.MethodType::makeImpl (109 bytes)
Total: 4

VM state: not at safepoint (normal execution)

VM Mutex/Monitor currently owned by a thread: None

Heap address: 0x0000000080000000, size: 2048 MB, Compressed Oops mode: 32-bit

CDS archive(s) mapped at: [0x000002210f000000-0x000002210fba0000-0x000002210fba0000), size 12189696, SharedBaseAddress: 0x000002210f000000, ArchiveRelocationMode: 1.
Compressed class space mapped at: 0x0000022110000000-0x0000022150000000, reserved size: 1073741824
Narrow klass base: 0x000002210f000000, Narrow klass shift: 0, Narrow klass range: 0x100000000

GC Precious Log:
 CardTable entry size: 512
 CPUs: 16 total, 16 available
 Memory: 16004M
 Large Page Support: Disabled
 NUMA Support: Disabled
 Compressed Oops: Enabled (32-bit)
 Alignments: Space 512K, Generation 512K, Heap 2M
 Heap Min Capacity: 100M
 Heap Initial Capacity: 100M
 Heap Max Capacity: 2G
 Pre-touch: Disabled
 Parallel Workers: 13

Heap:
 PSYoungGen      total 25600K, used 19464K [0x00000000d5580000, 0x00000000d7400000, 0x0000000100000000)
  eden space 23040K, 79% used [0x00000000d5580000,0x00000000d677a150,0x00000000d6c00000)
  from space 2560K, 41% used [0x00000000d6f80000,0x00000000d7088250,0x00000000d7200000)
  to   space 1536K, 0% used [0x00000000d7280000,0x00000000d7280000,0x00000000d7400000)
 ParOldGen       total 68608K, used 14746K [0x0000000080000000, 0x0000000084300000, 0x00000000d5580000)
  object space 68608K, 21% used [0x0000000080000000,0x0000000080e66a20,0x0000000084300000)
 Metaspace       used 27590K, committed 28480K, reserved 1114112K
  class space    used 2721K, committed 3072K, reserved 1048576K

Card table byte_map: [0x000002216f5c0000,0x000002216f9d0000] _byte_map_base: 0x000002216f1c0000

Marking Bits: (ParMarkBitMap*) 0x00007ff8c8efa340
 Begin Bits: [0x00000221730c0000, 0x00000221750c0000)
 End Bits:   [0x00000221750c0000, 0x00000221770c0000)

Polling page: 0x000002216d6e0000

Metaspace:

Usage:
  Non-class:     24.29 MB used.
      Class:      2.66 MB used.
       Both:     26.94 MB used.

Virtual space:
  Non-class space:       64.00 MB reserved,      24.81 MB ( 39%) committed,  1 nodes.
      Class space:        1.00 GB reserved,       3.00 MB ( <1%) committed,  1 nodes.
             Both:        1.06 GB reserved,      27.81 MB (  3%) committed. 

Chunk freelists:
   Non-Class:  6.77 MB
       Class:  13.01 MB
        Both:  19.78 MB

MaxMetaspaceSize: unlimited
CompressedClassSpaceSize: 1.00 GB
Initial GC threshold: 21.00 MB
Current GC threshold: 35.00 MB
CDS: on
 - commit_granule_bytes: 65536.
 - commit_granule_words: 8192.
 - virtual_space_node_default_size: 8388608.
 - enlarge_chunks_in_place: 1.
 - use_allocation_guard: 0.


Internal statistics:

num_allocs_failed_limit: 3.
num_arena_births: 714.
num_arena_deaths: 14.
num_vsnodes_births: 2.
num_vsnodes_deaths: 0.
num_space_committed: 445.
num_space_uncommitted: 0.
num_chunks_returned_to_freelist: 17.
num_chunks_taken_from_freelist: 1839.
num_chunk_merges: 7.
num_chunk_splits: 1169.
num_chunks_enlarged: 744.
num_inconsistent_stats: 0.

CodeHeap 'non-profiled nmethods': size=119168Kb used=1857Kb max_used=1857Kb free=117310Kb
 bounds [0x0000022107ba0000, 0x0000022107e10000, 0x000002210f000000]
CodeHeap 'profiled nmethods': size=119104Kb used=9290Kb max_used=9290Kb free=109813Kb
 bounds [0x0000022100000000, 0x0000022100920000, 0x0000022107450000]
CodeHeap 'non-nmethods': size=7488Kb used=1898Kb max_used=3027Kb free=5590Kb
 bounds [0x0000022107450000, 0x0000022107750000, 0x0000022107ba0000]
CodeCache: size=245760Kb, used=13045Kb, max_used=14174Kb, free=232713Kb
 total_blobs=4947, nmethods=4322, adapters=530, full_count=0
Compilation: enabled, stopped_count=0, restarted_count=0

Compilation events (20 events):
Event: 10.181 Thread 0x0000022178986610 nmethod 4308 0x0000022100905010 code [0x00000221009051c0, 0x00000221009053c8]
Event: 10.182 Thread 0x0000022178986610 4312       3       java.util.concurrent.ScheduledThreadPoolExecutor$ScheduledFutureTask::compareTo (9 bytes)
Event: 10.182 Thread 0x0000022178986610 nmethod 4312 0x0000022100905490 code [0x0000022100905640, 0x0000022100905890]
Event: 10.183 Thread 0x0000022178986610 4313       3       java.util.concurrent.ScheduledThreadPoolExecutor$ScheduledFutureTask::compareTo (101 bytes)
Event: 10.184 Thread 0x00000221789873b0 nmethod 4309 0x0000022100905990 code [0x0000022100905cc0, 0x0000022100907518]
Event: 10.185 Thread 0x0000022178986610 nmethod 4313 0x0000022100907c90 code [0x0000022100907ec0, 0x00000221009085d8]
Event: 10.185 Thread 0x0000022178986610 4316       3       java.util.concurrent.ScheduledThreadPoolExecutor$DelayedWorkQueue::setIndex (16 bytes)
Event: 10.185 Thread 0x00000221789873b0 4311       3       java.util.concurrent.ThreadPoolExecutor::runStateAtLeast (11 bytes)
Event: 10.186 Thread 0x0000022178986610 nmethod 4316 0x0000022100908790 code [0x0000022100908940, 0x0000022100908c48]
Event: 10.186 Thread 0x00000221789873b0 nmethod 4311 0x0000022100908d10 code [0x0000022100908ea0, 0x0000022100908fe0]
Event: 10.187 Thread 0x0000022178986610 4310       3       java.lang.invoke.VarHandleInts$FieldInstanceReadWrite::compareAndSet (32 bytes)
Event: 10.187 Thread 0x00000221789873b0 4314       3       java.lang.invoke.VarHandleGuards::guard_LI_V (123 bytes)
Event: 10.188 Thread 0x0000022178986610 nmethod 4310 0x0000022100909090 code [0x0000022100909280, 0x0000022100909810]
Event: 10.189 Thread 0x0000022178986610 4315       3       java.lang.invoke.VarHandleInts$FieldInstanceReadWrite::setRelease (28 bytes)
Event: 10.191 Thread 0x0000022178986610 nmethod 4315 0x0000022100909a10 code [0x0000022100909c20, 0x000002210090a240]
Event: 10.192 Thread 0x00000221789873b0 nmethod 4314 0x000002210090a490 code [0x000002210090a8a0, 0x000002210090cc00]
Event: 10.194 Thread 0x00000221789873b0 4320   !   3       java.io.BufferedInputStream::read (69 bytes)
Event: 10.196 Thread 0x00000221789873b0 nmethod 4320 0x000002210090d690 code [0x000002210090d920, 0x000002210090e560]
Event: 10.446 Thread 0x00000221789873b0 4321       3       java.util.concurrent.locks.AbstractQueuedSynchronizer::acquire (20 bytes)
Event: 12.049 Thread 0x0000022178986610 4322       3       java.lang.Thread::onSpinWait (1 bytes)

GC Heap History (20 events):
Event: 0.677 GC heap before
{Heap before GC invocations=1 (full 0):
 PSYoungGen      total 29696K, used 25600K [0x00000000d5580000, 0x00000000d7680000, 0x0000000100000000)
  eden space 25600K, 100% used [0x00000000d5580000,0x00000000d6e80000,0x00000000d6e80000)
  from space 4096K, 0% used [0x00000000d7280000,0x00000000d7280000,0x00000000d7680000)
  to   space 4096K, 0% used [0x00000000d6e80000,0x00000000d6e80000,0x00000000d7280000)
 ParOldGen       total 68608K, used 0K [0x0000000080000000, 0x0000000084300000, 0x00000000d5580000)
  object space 68608K, 0% used [0x0000000080000000,0x0000000080000000,0x0000000084300000)
 Metaspace       used 4143K, committed 4416K, reserved 1114112K
  class space    used 454K, committed 576K, reserved 1048576K
}
Event: 0.683 GC heap after
{Heap after GC invocations=1 (full 0):
 PSYoungGen      total 29696K, used 3707K [0x00000000d5580000, 0x00000000d7680000, 0x0000000100000000)
  eden space 25600K, 0% used [0x00000000d5580000,0x00000000d5580000,0x00000000d6e80000)
  from space 4096K, 90% used [0x00000000d6e80000,0x00000000d721eff8,0x00000000d7280000)
  to   space 4096K, 0% used [0x00000000d7280000,0x00000000d7280000,0x00000000d7680000)
 ParOldGen       total 68608K, used 16K [0x0000000080000000, 0x0000000084300000, 0x00000000d5580000)
  object space 68608K, 0% used [0x0000000080000000,0x0000000080004000,0x0000000084300000)
 Metaspace       used 4143K, committed 4416K, reserved 1114112K
  class space    used 454K, committed 576K, reserved 1048576K
}
Event: 1.351 GC heap before
{Heap before GC invocations=2 (full 0):
 PSYoungGen      total 29696K, used 29307K [0x00000000d5580000, 0x00000000d7680000, 0x0000000100000000)
  eden space 25600K, 100% used [0x00000000d5580000,0x00000000d6e80000,0x00000000d6e80000)
  from space 4096K, 90% used [0x00000000d6e80000,0x00000000d721eff8,0x00000000d7280000)
  to   space 4096K, 0% used [0x00000000d7280000,0x00000000d7280000,0x00000000d7680000)
 ParOldGen       total 68608K, used 16K [0x0000000080000000, 0x0000000084300000, 0x00000000d5580000)
  object space 68608K, 0% used [0x0000000080000000,0x0000000080004000,0x0000000084300000)
 Metaspace       used 7826K, committed 8128K, reserved 1114112K
  class space    used 811K, committed 960K, reserved 1048576K
}
Event: 1.357 GC heap after
{Heap after GC invocations=2 (full 0):
 PSYoungGen      total 29696K, used 4091K [0x00000000d5580000, 0x00000000d7680000, 0x0000000100000000)
  eden space 25600K, 0% used [0x00000000d5580000,0x00000000d5580000,0x00000000d6e80000)
  from space 4096K, 99% used [0x00000000d7280000,0x00000000d767ee60,0x00000000d7680000)
  to   space 4096K, 0% used [0x00000000d6e80000,0x00000000d6e80000,0x00000000d7280000)
 ParOldGen       total 68608K, used 1645K [0x0000000080000000, 0x0000000084300000, 0x00000000d5580000)
  object space 68608K, 2% used [0x0000000080000000,0x000000008019b6b8,0x0000000084300000)
 Metaspace       used 7826K, committed 8128K, reserved 1114112K
  class space    used 811K, committed 960K, reserved 1048576K
}
Event: 2.183 GC heap before
{Heap before GC invocations=3 (full 0):
 PSYoungGen      total 29696K, used 29686K [0x00000000d5580000, 0x00000000d7680000, 0x0000000100000000)
  eden space 25600K, 99% used [0x00000000d5580000,0x00000000d6e7ed68,0x00000000d6e80000)
  from space 4096K, 99% used [0x00000000d7280000,0x00000000d767ee60,0x00000000d7680000)
  to   space 4096K, 0% used [0x00000000d6e80000,0x00000000d6e80000,0x00000000d7280000)
 ParOldGen       total 68608K, used 1645K [0x0000000080000000, 0x0000000084300000, 0x00000000d5580000)
  object space 68608K, 2% used [0x0000000080000000,0x000000008019b6b8,0x0000000084300000)
 Metaspace       used 9433K, committed 9728K, reserved 1114112K
  class space    used 1004K, committed 1152K, reserved 1048576K
}
Event: 2.190 GC heap after
{Heap after GC invocations=3 (full 0):
 PSYoungGen      total 29696K, used 4075K [0x00000000d5580000, 0x00000000d7680000, 0x0000000100000000)
  eden space 25600K, 0% used [0x00000000d5580000,0x00000000d5580000,0x00000000d6e80000)
  from space 4096K, 99% used [0x00000000d6e80000,0x00000000d727ac30,0x00000000d7280000)
  to   space 4096K, 0% used [0x00000000d7280000,0x00000000d7280000,0x00000000d7680000)
 ParOldGen       total 68608K, used 3968K [0x0000000080000000, 0x0000000084300000, 0x00000000d5580000)
  object space 68608K, 5% used [0x0000000080000000,0x00000000803e00d0,0x0000000084300000)
 Metaspace       used 9433K, committed 9728K, reserved 1114112K
  class space    used 1004K, committed 1152K, reserved 1048576K
}
Event: 3.011 GC heap before
{Heap before GC invocations=4 (full 0):
 PSYoungGen      total 29696K, used 29675K [0x00000000d5580000, 0x00000000d7680000, 0x0000000100000000)
  eden space 25600K, 100% used [0x00000000d5580000,0x00000000d6e80000,0x00000000d6e80000)
  from space 4096K, 99% used [0x00000000d6e80000,0x00000000d727ac30,0x00000000d7280000)
  to   space 4096K, 0% used [0x00000000d7280000,0x00000000d7280000,0x00000000d7680000)
 ParOldGen       total 68608K, used 3968K [0x0000000080000000, 0x0000000084300000, 0x00000000d5580000)
  object space 68608K, 5% used [0x0000000080000000,0x00000000803e00d0,0x0000000084300000)
 Metaspace       used 11740K, committed 12096K, reserved 1114112K
  class space    used 1243K, committed 1408K, reserved 1048576K
}
Event: 3.017 GC heap after
{Heap after GC invocations=4 (full 0):
 PSYoungGen      total 29696K, used 4067K [0x00000000d5580000, 0x00000000d7680000, 0x0000000100000000)
  eden space 25600K, 0% used [0x00000000d5580000,0x00000000d5580000,0x00000000d6e80000)
  from space 4096K, 99% used [0x00000000d7280000,0x00000000d7678f78,0x00000000d7680000)
  to   space 4096K, 0% used [0x00000000d6e80000,0x00000000d6e80000,0x00000000d7280000)
 ParOldGen       total 68608K, used 5991K [0x0000000080000000, 0x0000000084300000, 0x00000000d5580000)
  object space 68608K, 8% used [0x0000000080000000,0x00000000805d9fe8,0x0000000084300000)
 Metaspace       used 11740K, committed 12096K, reserved 1114112K
  class space    used 1243K, committed 1408K, reserved 1048576K
}
Event: 4.111 GC heap before
{Heap before GC invocations=5 (full 0):
 PSYoungGen      total 29696K, used 29667K [0x00000000d5580000, 0x00000000d7680000, 0x0000000100000000)
  eden space 25600K, 100% used [0x00000000d5580000,0x00000000d6e80000,0x00000000d6e80000)
  from space 4096K, 99% used [0x00000000d7280000,0x00000000d7678f78,0x00000000d7680000)
  to   space 4096K, 0% used [0x00000000d6e80000,0x00000000d6e80000,0x00000000d7280000)
 ParOldGen       total 68608K, used 5991K [0x0000000080000000, 0x0000000084300000, 0x00000000d5580000)
  object space 68608K, 8% used [0x0000000080000000,0x00000000805d9fe8,0x0000000084300000)
 Metaspace       used 15622K, committed 16192K, reserved 1114112K
  class space    used 1615K, committed 1856K, reserved 1048576K
}
Event: 4.116 GC heap after
{Heap after GC invocations=5 (full 0):
 PSYoungGen      total 29184K, used 4078K [0x00000000d5580000, 0x00000000d7a00000, 0x0000000100000000)
  eden space 25088K, 0% used [0x00000000d5580000,0x00000000d5580000,0x00000000d6e00000)
  from space 4096K, 99% used [0x00000000d6e80000,0x00000000d727baa0,0x00000000d7280000)
  to   space 6144K, 0% used [0x00000000d7400000,0x00000000d7400000,0x00000000d7a00000)
 ParOldGen       total 68608K, used 7997K [0x0000000080000000, 0x0000000084300000, 0x00000000d5580000)
  object space 68608K, 11% used [0x0000000080000000,0x00000000807cf590,0x0000000084300000)
 Metaspace       used 15622K, committed 16192K, reserved 1114112K
  class space    used 1615K, committed 1856K, reserved 1048576K
}
Event: 5.008 GC heap before
{Heap before GC invocations=6 (full 0):
 PSYoungGen      total 29184K, used 29166K [0x00000000d5580000, 0x00000000d7a00000, 0x0000000100000000)
  eden space 25088K, 100% used [0x00000000d5580000,0x00000000d6e00000,0x00000000d6e00000)
  from space 4096K, 99% used [0x00000000d6e80000,0x00000000d727baa0,0x00000000d7280000)
  to   space 6144K, 0% used [0x00000000d7400000,0x00000000d7400000,0x00000000d7a00000)
 ParOldGen       total 68608K, used 7997K [0x0000000080000000, 0x0000000084300000, 0x00000000d5580000)
  object space 68608K, 11% used [0x0000000080000000,0x00000000807cf590,0x0000000084300000)
 Metaspace       used 18451K, committed 19200K, reserved 1114112K
  class space    used 1924K, committed 2240K, reserved 1048576K
}
Event: 5.016 GC heap after
{Heap after GC invocations=6 (full 0):
 PSYoungGen      total 30208K, used 6129K [0x00000000d5580000, 0x00000000d7b80000, 0x0000000100000000)
  eden space 24064K, 0% used [0x00000000d5580000,0x00000000d5580000,0x00000000d6d00000)
  from space 6144K, 99% used [0x00000000d7400000,0x00000000d79fc538,0x00000000d7a00000)
  to   space 7168K, 0% used [0x00000000d6d00000,0x00000000d6d00000,0x00000000d7400000)
 ParOldGen       total 68608K, used 8565K [0x0000000080000000, 0x0000000084300000, 0x00000000d5580000)
  object space 68608K, 12% used [0x0000000080000000,0x000000008085d590,0x0000000084300000)
 Metaspace       used 18451K, committed 19200K, reserved 1114112K
  class space    used 1924K, committed 2240K, reserved 1048576K
}
Event: 5.490 GC heap before
{Heap before GC invocations=7 (full 0):
 PSYoungGen      total 30208K, used 29276K [0x00000000d5580000, 0x00000000d7b80000, 0x0000000100000000)
  eden space 24064K, 96% used [0x00000000d5580000,0x00000000d6c1acb8,0x00000000d6d00000)
  from space 6144K, 99% used [0x00000000d7400000,0x00000000d79fc538,0x00000000d7a00000)
  to   space 7168K, 0% used [0x00000000d6d00000,0x00000000d6d00000,0x00000000d7400000)
 ParOldGen       total 68608K, used 8565K [0x0000000080000000, 0x0000000084300000, 0x00000000d5580000)
  object space 68608K, 12% used [0x0000000080000000,0x000000008085d590,0x0000000084300000)
 Metaspace       used 20650K, committed 21504K, reserved 1114112K
  class space    used 2175K, committed 2560K, reserved 1048576K
}
Event: 5.497 GC heap after
{Heap after GC invocations=7 (full 0):
 PSYoungGen      total 29696K, used 5516K [0x00000000d5580000, 0x00000000d7980000, 0x0000000100000000)
  eden space 24064K, 0% used [0x00000000d5580000,0x00000000d5580000,0x00000000d6d00000)
  from space 5632K, 97% used [0x00000000d6d00000,0x00000000d7263328,0x00000000d7280000)
  to   space 6144K, 0% used [0x00000000d7380000,0x00000000d7380000,0x00000000d7980000)
 ParOldGen       total 68608K, used 9881K [0x0000000080000000, 0x0000000084300000, 0x00000000d5580000)
  object space 68608K, 14% used [0x0000000080000000,0x00000000809a6638,0x0000000084300000)
 Metaspace       used 20650K, committed 21504K, reserved 1114112K
  class space    used 2175K, committed 2560K, reserved 1048576K
}
Event: 5.497 GC heap before
{Heap before GC invocations=8 (full 1):
 PSYoungGen      total 29696K, used 5516K [0x00000000d5580000, 0x00000000d7980000, 0x0000000100000000)
  eden space 24064K, 0% used [0x00000000d5580000,0x00000000d5580000,0x00000000d6d00000)
  from space 5632K, 97% used [0x00000000d6d00000,0x00000000d7263328,0x00000000d7280000)
  to   space 6144K, 0% used [0x00000000d7380000,0x00000000d7380000,0x00000000d7980000)
 ParOldGen       total 68608K, used 9881K [0x0000000080000000, 0x0000000084300000, 0x00000000d5580000)
  object space 68608K, 14% used [0x0000000080000000,0x00000000809a6638,0x0000000084300000)
 Metaspace       used 20650K, committed 21504K, reserved 1114112K
  class space    used 2175K, committed 2560K, reserved 1048576K
}
Event: 5.547 GC heap after
{Heap after GC invocations=8 (full 1):
 PSYoungGen      total 29696K, used 0K [0x00000000d5580000, 0x00000000d7980000, 0x0000000100000000)
  eden space 24064K, 0% used [0x00000000d5580000,0x00000000d5580000,0x00000000d6d00000)
  from space 5632K, 0% used [0x00000000d6d00000,0x00000000d6d00000,0x00000000d7280000)
  to   space 6144K, 0% used [0x00000000d7380000,0x00000000d7380000,0x00000000d7980000)
 ParOldGen       total 68608K, used 14730K [0x0000000080000000, 0x0000000084300000, 0x00000000d5580000)
  object space 68608K, 21% used [0x0000000080000000,0x0000000080e62a20,0x0000000084300000)
 Metaspace       used 20637K, committed 21504K, reserved 1114112K
  class space    used 2172K, committed 2560K, reserved 1048576K
}
Event: 5.818 GC heap before
{Heap before GC invocations=9 (full 1):
 PSYoungGen      total 29696K, used 24064K [0x00000000d5580000, 0x00000000d7980000, 0x0000000100000000)
  eden space 24064K, 100% used [0x00000000d5580000,0x00000000d6d00000,0x00000000d6d00000)
  from space 5632K, 0% used [0x00000000d6d00000,0x00000000d6d00000,0x00000000d7280000)
  to   space 6144K, 0% used [0x00000000d7380000,0x00000000d7380000,0x00000000d7980000)
 ParOldGen       total 68608K, used 14730K [0x0000000080000000, 0x0000000084300000, 0x00000000d5580000)
  object space 68608K, 21% used [0x0000000080000000,0x0000000080e62a20,0x0000000084300000)
 Metaspace       used 23021K, committed 23936K, reserved 1114112K
  class space    used 2335K, committed 2688K, reserved 1048576K
}
Event: 5.821 GC heap after
{Heap after GC invocations=9 (full 1):
 PSYoungGen      total 24576K, used 683K [0x00000000d5580000, 0x00000000d7480000, 0x0000000100000000)
  eden space 23552K, 0% used [0x00000000d5580000,0x00000000d5580000,0x00000000d6c80000)
  from space 1024K, 66% used [0x00000000d7380000,0x00000000d742add0,0x00000000d7480000)
  to   space 2560K, 0% used [0x00000000d6f80000,0x00000000d6f80000,0x00000000d7200000)
 ParOldGen       total 68608K, used 14738K [0x0000000080000000, 0x0000000084300000, 0x00000000d5580000)
  object space 68608K, 21% used [0x0000000080000000,0x0000000080e64a20,0x0000000084300000)
 Metaspace       used 23021K, committed 23936K, reserved 1114112K
  class space    used 2335K, committed 2688K, reserved 1048576K
}
Event: 7.061 GC heap before
{Heap before GC invocations=10 (full 1):
 PSYoungGen      total 24576K, used 24235K [0x00000000d5580000, 0x00000000d7480000, 0x0000000100000000)
  eden space 23552K, 100% used [0x00000000d5580000,0x00000000d6c80000,0x00000000d6c80000)
  from space 1024K, 66% used [0x00000000d7380000,0x00000000d742add0,0x00000000d7480000)
  to   space 2560K, 0% used [0x00000000d6f80000,0x00000000d6f80000,0x00000000d7200000)
 ParOldGen       total 68608K, used 14738K [0x0000000080000000, 0x0000000084300000, 0x00000000d5580000)
  object space 68608K, 21% used [0x0000000080000000,0x0000000080e64a20,0x0000000084300000)
 Metaspace       used 26534K, committed 27456K, reserved 1114112K
  class space    used 2630K, committed 3008K, reserved 1048576K
}
Event: 7.063 GC heap after
{Heap after GC invocations=10 (full 1):
 PSYoungGen      total 25600K, used 1056K [0x00000000d5580000, 0x00000000d7400000, 0x0000000100000000)
  eden space 23040K, 0% used [0x00000000d5580000,0x00000000d5580000,0x00000000d6c00000)
  from space 2560K, 41% used [0x00000000d6f80000,0x00000000d7088250,0x00000000d7200000)
  to   space 1536K, 0% used [0x00000000d7280000,0x00000000d7280000,0x00000000d7400000)
 ParOldGen       total 68608K, used 14746K [0x0000000080000000, 0x0000000084300000, 0x00000000d5580000)
  object space 68608K, 21% used [0x0000000080000000,0x0000000080e66a20,0x0000000084300000)
 Metaspace       used 26534K, committed 27456K, reserved 1114112K
  class space    used 2630K, committed 3008K, reserved 1048576K
}

Dll operation events (10 events):
Event: 0.011 Loaded shared library c:\Users\orgil\.vscode\extensions\redhat.java-1.47.0-win32-x64\jre\21.0.8-win32-x86_64\bin\java.dll
Event: 0.038 Loaded shared library c:\Users\orgil\.vscode\extensions\redhat.java-1.47.0-win32-x64\jre\21.0.8-win32-x86_64\bin\zip.dll
Event: 0.094 Loaded shared library C:\Users\orgil\.vscode\extensions\redhat.java-1.47.0-win32-x64\jre\21.0.8-win32-x86_64\bin\instrument.dll
Event: 0.099 Loaded shared library C:\Users\orgil\.vscode\extensions\redhat.java-1.47.0-win32-x64\jre\21.0.8-win32-x86_64\bin\net.dll
Event: 0.102 Loaded shared library C:\Users\orgil\.vscode\extensions\redhat.java-1.47.0-win32-x64\jre\21.0.8-win32-x86_64\bin\nio.dll
Event: 0.105 Loaded shared library C:\Users\orgil\.vscode\extensions\redhat.java-1.47.0-win32-x64\jre\21.0.8-win32-x86_64\bin\zip.dll
Event: 0.120 Loaded shared library C:\Users\orgil\.vscode\extensions\redhat.java-1.47.0-win32-x64\jre\21.0.8-win32-x86_64\bin\jimage.dll
Event: 0.201 Loaded shared library c:\Users\orgil\.vscode\extensions\redhat.java-1.47.0-win32-x64\jre\21.0.8-win32-x86_64\bin\verify.dll
Event: 1.515 Loaded shared library C:\Users\orgil\AppData\Roaming\Code\User\globalStorage\redhat.java\1.47.0\config_win\org.eclipse.equinox.launcher\org.eclipse.equinox.launcher.win32.win32.x86_64_1.2.1400.v20250801-0854\eclipse_11916.dll
Event: 4.496 Loaded shared library C:\Users\orgil\AppData\Local\Temp\jna-106009351\jna17666979968000500509.dll

Deoptimization events (20 events):
Event: 7.069 Thread 0x000002217f78c320 Uncommon trap: trap_request=0xffffffde fr.pc=0x0000022107d5eeb8 relative=0x00000000000000f8
Event: 7.069 Thread 0x000002217f78c320 Uncommon trap: reason=class_check action=maybe_recompile pc=0x0000022107d5eeb8 method=java.lang.Character.codePointAt(Ljava/lang/CharSequence;I)I @ 2 c2
Event: 7.069 Thread 0x000002217f78c320 DEOPT PACKING pc=0x0000022107d5eeb8 sp=0x000000f0393fe9f0
Event: 7.069 Thread 0x000002217f78c320 DEOPT UNPACKING pc=0x00000221074a3aa2 sp=0x000000f0393fe978 mode 2
Event: 7.070 Thread 0x000002217f78c320 Uncommon trap: trap_request=0xffffffde fr.pc=0x0000022107d5eeb8 relative=0x00000000000000f8
Event: 7.070 Thread 0x000002217f78c320 Uncommon trap: reason=class_check action=maybe_recompile pc=0x0000022107d5eeb8 method=java.lang.Character.codePointAt(Ljava/lang/CharSequence;I)I @ 2 c2
Event: 7.070 Thread 0x000002217f78c320 DEOPT PACKING pc=0x0000022107d5eeb8 sp=0x000000f0393fe9f0
Event: 7.070 Thread 0x000002217f78c320 DEOPT UNPACKING pc=0x00000221074a3aa2 sp=0x000000f0393fe978 mode 2
Event: 7.070 Thread 0x000002217f78c320 Uncommon trap: trap_request=0xffffffde fr.pc=0x0000022107d5eeb8 relative=0x00000000000000f8
Event: 7.070 Thread 0x000002217f78c320 Uncommon trap: reason=class_check action=maybe_recompile pc=0x0000022107d5eeb8 method=java.lang.Character.codePointAt(Ljava/lang/CharSequence;I)I @ 2 c2
Event: 7.070 Thread 0x000002217f78c320 DEOPT PACKING pc=0x0000022107d5eeb8 sp=0x000000f0393fe9f0
Event: 7.070 Thread 0x000002217f78c320 DEOPT UNPACKING pc=0x00000221074a3aa2 sp=0x000000f0393fe978 mode 2
Event: 7.070 Thread 0x000002217f78c320 Uncommon trap: trap_request=0xffffffde fr.pc=0x0000022107d5eeb8 relative=0x00000000000000f8
Event: 7.070 Thread 0x000002217f78c320 Uncommon trap: reason=class_check action=maybe_recompile pc=0x0000022107d5eeb8 method=java.lang.Character.codePointAt(Ljava/lang/CharSequence;I)I @ 2 c2
Event: 7.070 Thread 0x000002217f78c320 DEOPT PACKING pc=0x0000022107d5eeb8 sp=0x000000f0393fe9f0
Event: 7.070 Thread 0x000002217f78c320 DEOPT UNPACKING pc=0x00000221074a3aa2 sp=0x000000f0393fe978 mode 2
Event: 7.070 Thread 0x000002217f78c320 Uncommon trap: trap_request=0xffffff76 fr.pc=0x0000022107ce7e80 relative=0x0000000000000380
Event: 7.070 Thread 0x000002217f78c320 Uncommon trap: reason=predicate action=maybe_recompile pc=0x0000022107ce7e80 method=java.util.regex.Pattern$BmpCharPropertyGreedy.match(Ljava/util/regex/Matcher;ILjava/lang/CharSequence;)Z @ 12 c2
Event: 7.070 Thread 0x000002217f78c320 DEOPT PACKING pc=0x0000022107ce7e80 sp=0x000000f0393fe930
Event: 7.070 Thread 0x000002217f78c320 DEOPT UNPACKING pc=0x00000221074a3aa2 sp=0x000000f0393fe8d8 mode 2

Classes loaded (20 events):
Event: 7.032 Loading class java/lang/invoke/MethodHandleImpl$Makers$1
Event: 7.032 Loading class java/lang/invoke/MethodHandleImpl$Makers$1 done
Event: 7.032 Loading class java/lang/invoke/MethodHandleImpl$Makers$2
Event: 7.032 Loading class java/lang/invoke/MethodHandleImpl$Makers$2 done
Event: 7.032 Loading class java/lang/StringIndexOutOfBoundsException
Event: 7.032 Loading class java/lang/invoke/MethodHandleImpl$Makers$3
Event: 7.033 Loading class java/lang/invoke/MethodHandleImpl$Makers$3 done
Event: 7.033 Loading class java/lang/StringIndexOutOfBoundsException done
Event: 7.038 Loading class java/lang/runtime/ObjectMethods$1
Event: 7.039 Loading class java/lang/runtime/ObjectMethods$1 done
Event: 7.051 Loading class java/lang/invoke/MethodHandleImpl$CountingWrapper
Event: 7.051 Loading class java/lang/invoke/MethodHandleImpl$CountingWrapper done
Event: 7.069 Loading class java/io/FileReader
Event: 7.069 Loading class java/io/FileReader done
Event: 7.131 Loading class java/util/concurrent/atomic/AtomicReferenceFieldUpdater
Event: 7.131 Loading class java/util/concurrent/atomic/AtomicReferenceFieldUpdater done
Event: 7.131 Loading class java/util/concurrent/atomic/AtomicReferenceFieldUpdater$AtomicReferenceFieldUpdaterImpl
Event: 7.132 Loading class java/util/concurrent/atomic/AtomicReferenceFieldUpdater$AtomicReferenceFieldUpdaterImpl done
Event: 7.132 Loading class java/util/concurrent/atomic/AtomicReferenceFieldUpdater$AtomicReferenceFieldUpdaterImpl$1
Event: 7.132 Loading class java/util/concurrent/atomic/AtomicReferenceFieldUpdater$AtomicReferenceFieldUpdaterImpl$1 done

Classes unloaded (7 events):
Event: 5.505 Thread 0x000002216fbb4920 Unloading class 0x00000221101af000 'java/lang/invoke/LambdaForm$MH+0x00000221101af000'
Event: 5.505 Thread 0x000002216fbb4920 Unloading class 0x00000221101aec00 'java/lang/invoke/LambdaForm$MH+0x00000221101aec00'
Event: 5.505 Thread 0x000002216fbb4920 Unloading class 0x00000221101ae800 'java/lang/invoke/LambdaForm$MH+0x00000221101ae800'
Event: 5.505 Thread 0x000002216fbb4920 Unloading class 0x00000221101ae400 'java/lang/invoke/LambdaForm$MH+0x00000221101ae400'
Event: 5.505 Thread 0x000002216fbb4920 Unloading class 0x00000221101ae000 'java/lang/invoke/LambdaForm$BMH+0x00000221101ae000'
Event: 5.505 Thread 0x000002216fbb4920 Unloading class 0x00000221101adc00 'java/lang/invoke/LambdaForm$DMH+0x00000221101adc00'
Event: 5.505 Thread 0x000002216fbb4920 Unloading class 0x00000221101acc00 'java/lang/invoke/LambdaForm$DMH+0x00000221101acc00'

Classes redefined (0 events):
No events

Internal exceptions (20 events):
Event: 5.409 Thread 0x000002217f0c6f30 Exception <a 'java/lang/NoSuchMethodError'{0x00000000d68679b8}: 'long java.lang.invoke.Invokers$Holder.invokeExact_MT(java.lang.Object, java.lang.Object)'> (0x00000000d68679b8) 
thrown [s\src\hotspot\share\interpreter\linkResolver.cpp, line 773]
Event: 5.597 Thread 0x000002217f0c6f30 Exception <a 'java/lang/NoSuchMethodError'{0x00000000d58d62a8}: 'double java.lang.invoke.DirectMethodHandle$Holder.invokeStatic(java.lang.Object, java.lang.Object)'> (0x00000000d58d62a8) 
thrown [s\src\hotspot\share\interpreter\linkResolver.cpp, line 773]
Event: 5.598 Thread 0x000002217f0c6f30 Exception <a 'java/lang/NoSuchMethodError'{0x00000000d58d9938}: 'double java.lang.invoke.DirectMethodHandle$Holder.invokeStaticInit(java.lang.Object, java.lang.Object)'> (0x00000000d58d9938) 
thrown [s\src\hotspot\share\interpreter\linkResolver.cpp, line 773]
Event: 5.987 Thread 0x000002217f0c6f30 Implicit null exception at 0x0000022107d62cf5 to 0x0000022107d62dd0
Event: 7.030 Thread 0x000002217f78c320 Exception <a 'java/lang/NoSuchMethodError'{0x00000000d69376a0}: 'java.lang.Object java.lang.invoke.DirectMethodHandle$Holder.invokeStaticInit(java.lang.Object, java.lang.Object, java.lang.Object, java.lang.Object, java.lang.Object, java.lang.Object, java.lang.Object)'> (0x00000000d69376a0) 
thrown [s\src\hotspot\share\interpreter\linkResolver.cpp, line 773]
Event: 7.031 Thread 0x000002217f78c320 Exception <a 'java/lang/NoSuchMethodError'{0x00000000d694d008}: 'java.lang.Object java.lang.invoke.Invokers$Holder.invoke_MT(java.lang.Object, java.lang.Object, java.lang.Object, java.lang.Object, java.lang.Object, java.lang.Object, java.lang.Object, java.lang.Object, java.lang.Object)'> (0x00000000d694d008) 
thrown [s\src\hotspot\share\interpreter\linkResolver.cpp, line 773]
Event: 7.039 Thread 0x000002217f78c320 Exception <a 'java/lang/NoSuchMethodError'{0x00000000d6a3e840}: 'int java.lang.invoke.DirectMethodHandle$Holder.invokeVirtual(java.lang.Object, java.lang.Object, java.lang.Object)'> (0x00000000d6a3e840) 
thrown [s\src\hotspot\share\interpreter\linkResolver.cpp, line 773]
Event: 7.040 Thread 0x000002217f78c320 Exception <a 'java/lang/NoSuchMethodError'{0x00000000d6a479c0}: 'int java.lang.invoke.DirectMethodHandle$Holder.invokeStaticInit(java.lang.Object, int, int)'> (0x00000000d6a479c0) 
thrown [s\src\hotspot\share\interpreter\linkResolver.cpp, line 773]
Event: 7.042 Thread 0x000002217f78c320 Exception <a 'java/lang/NoSuchMethodError'{0x00000000d6a54450}: 'int java.lang.invoke.DirectMethodHandle$Holder.invokeStaticInit(java.lang.Object, long, long)'> (0x00000000d6a54450) 
thrown [s\src\hotspot\share\interpreter\linkResolver.cpp, line 773]
Event: 7.043 Thread 0x000002217f78c320 Exception <a 'java/lang/NoSuchMethodError'{0x00000000d6a5b878}: 'int java.lang.invoke.DirectMethodHandle$Holder.invokeStaticInit(java.lang.Object, float, float)'> (0x00000000d6a5b878) 
thrown [s\src\hotspot\share\interpreter\linkResolver.cpp, line 773]
Event: 7.044 Thread 0x000002217f78c320 Exception <a 'java/lang/NoSuchMethodError'{0x00000000d6a62638}: 'int java.lang.invoke.DirectMethodHandle$Holder.invokeStaticInit(java.lang.Object, double, double)'> (0x00000000d6a62638) 
thrown [s\src\hotspot\share\interpreter\linkResolver.cpp, line 773]
Event: 7.044 Thread 0x000002217f78c320 Exception <a 'java/lang/NoSuchMethodError'{0x00000000d6a6c520}: 'int java.lang.invoke.DirectMethodHandle$Holder.invokeStatic(java.lang.Object, long)'> (0x00000000d6a6c520) 
thrown [s\src\hotspot\share\interpreter\linkResolver.cpp, line 773]
Event: 7.048 Thread 0x000002217f78c320 Exception <a 'java/lang/NoSuchMethodError'{0x00000000d6b1bed0}: 'int java.lang.invoke.Invokers$Holder.linkToTargetMethod(java.lang.Object, java.lang.Object)'> (0x00000000d6b1bed0) 
thrown [s\src\hotspot\share\interpreter\linkResolver.cpp, line 773]
Event: 7.048 Thread 0x000002217f78d040 Exception <a 'java/lang/NoSuchMethodError'{0x00000000d6b1df98}: 'int java.lang.invoke.Invokers$Holder.linkToTargetMethod(java.lang.Object, java.lang.Object)'> (0x00000000d6b1df98) 
thrown [s\src\hotspot\share\interpreter\linkResolver.cpp, line 773]
Event: 7.049 Thread 0x000002217f78d040 Exception <a 'java/lang/NoSuchMethodError'{0x00000000d6b29a98}: 'int java.lang.invoke.DirectMethodHandle$Holder.invokeSpecial(java.lang.Object, java.lang.Object, java.lang.Object, java.lang.Object)'> (0x00000000d6b29a98) 
thrown [s\src\hotspot\share\interpreter\linkResolver.cpp, line 773]
Event: 7.050 Thread 0x000002217f78d040 Exception <a 'java/lang/NoSuchMethodError'{0x00000000d6b46b00}: 'java.lang.Object java.lang.invoke.DirectMethodHandle$Holder.invokeStatic(java.lang.Object, int, java.lang.Object, java.lang.Object)'> (0x00000000d6b46b00) 
thrown [s\src\hotspot\share\interpreter\linkResolver.cpp, line 773]
Event: 7.051 Thread 0x000002217f78d040 Exception <a 'java/lang/NoSuchMethodError'{0x00000000d6b53538}: 'java.lang.Object java.lang.invoke.DelegatingMethodHandle$Holder.delegate(java.lang.Object, int, java.lang.Object, java.lang.Object)'> (0x00000000d6b53538) 
thrown [s\src\hotspot\share\interpreter\linkResolver.cpp, line 773]
Event: 7.053 Thread 0x000002217f78d040 Exception <a 'java/lang/NoSuchMethodError'{0x00000000d6b81208}: 'int java.lang.invoke.Invokers$Holder.linkToTargetMethod(java.lang.Object, java.lang.Object, java.lang.Object)'> (0x00000000d6b81208) 
thrown [s\src\hotspot\share\interpreter\linkResolver.cpp, line 773]
Event: 7.100 Thread 0x000002217f78c320 Exception <a 'java/lang/NoSuchMethodError'{0x00000000d59a7b68}: 'java.lang.Object java.lang.invoke.DirectMethodHandle$Holder.invokeSpecialIFC(java.lang.Object, java.lang.Object, java.lang.Object, java.lang.Object)'> (0x00000000d59a7b68) 
thrown [s\src\hotspot\share\interpreter\linkResolver.cpp, line 773]
Event: 7.130 Thread 0x000002217f0c6f30 Exception <a 'java/lang/NoSuchMethodError'{0x00000000d638e478}: 'java.lang.Object java.lang.invoke.DirectMethodHandle$Holder.newInvokeSpecial(java.lang.Object, int, java.lang.Object, java.lang.Object)'> (0x00000000d638e478) 
thrown [s\src\hotspot\share\interpreter\linkResolver.cpp, line 773]

ZGC Phase Switch (0 events):
No events

VM Operations (20 events):
Event: 4.888 Executing VM operation: HandshakeAllThreads (Deoptimize)
Event: 4.888 Executing VM operation: HandshakeAllThreads (Deoptimize) done
Event: 4.896 Executing VM operation: HandshakeAllThreads (Deoptimize)
Event: 4.896 Executing VM operation: HandshakeAllThreads (Deoptimize) done
Event: 4.961 Executing VM operation: ICBufferFull
Event: 4.961 Executing VM operation: ICBufferFull done
Event: 5.008 Executing VM operation: ParallelGCFailedAllocation (Allocation Failure)
Event: 5.016 Executing VM operation: ParallelGCFailedAllocation (Allocation Failure) done
Event: 5.489 Executing VM operation: CollectForMetadataAllocation (Metadata GC Threshold)
Event: 5.547 Executing VM operation: CollectForMetadataAllocation (Metadata GC Threshold) done
Event: 5.818 Executing VM operation: ParallelGCFailedAllocation (Allocation Failure)
Event: 5.821 Executing VM operation: ParallelGCFailedAllocation (Allocation Failure) done
Event: 6.821 Executing VM operation: Cleanup
Event: 7.025 Executing VM operation: Cleanup done
Event: 7.054 Executing VM operation: HandshakeAllThreads (Deoptimize)
Event: 7.054 Executing VM operation: HandshakeAllThreads (Deoptimize) done
Event: 7.061 Executing VM operation: ParallelGCFailedAllocation (Allocation Failure)
Event: 7.063 Executing VM operation: ParallelGCFailedAllocation (Allocation Failure) done
Event: 9.071 Executing VM operation: Cleanup
Event: 9.180 Executing VM operation: Cleanup done

Memory protections (0 events):
No events

Nmethod flushes (0 events):
No events

Events (20 events):
Event: 3.388 Thread 0x0000022178986ce0 Thread exited: 0x0000022178986ce0
Event: 3.469 Thread 0x000002217f0c6f30 Thread added: 0x000002217f78c9b0
Event: 4.081 Thread 0x000002216fcdd150 Thread added: 0x00000221789895c0
Event: 4.082 Thread 0x000002216fcdd150 Thread added: 0x0000022178986ce0
Event: 4.263 Thread 0x0000022178986ce0 Thread exited: 0x0000022178986ce0
Event: 4.316 Thread 0x00000221789895c0 Thread exited: 0x00000221789895c0
Event: 4.550 Thread 0x000002217f0c6f30 Thread added: 0x000002217f78ea80
Event: 4.640 Thread 0x000002217f0c6f30 Thread added: 0x000002217f78d040
Event: 4.679 Thread 0x000002217f0c6f30 Thread added: 0x000002217f78c320
Event: 4.880 Thread 0x00000221789873b0 Thread added: 0x0000022178986ce0
Event: 5.718 Thread 0x0000022178988ef0 Thread added: 0x0000022178987a80
Event: 5.896 Thread 0x0000022178987a80 Thread exited: 0x0000022178987a80
Event: 5.896 Thread 0x0000022178986ce0 Thread exited: 0x0000022178986ce0
Event: 7.024 Thread 0x0000022178988820 Thread added: 0x0000022178987a80
Event: 7.025 Thread 0x000002217f78c320 Thread added: 0x000002217f78d6d0
Event: 7.025 Thread 0x0000022178988820 Thread added: 0x0000022178986ce0
Event: 7.025 Thread 0x000002217f78d6d0 Thread added: 0x000002217f78dd60
Event: 7.030 Thread 0x0000022178988820 Thread exited: 0x0000022178988820
Event: 7.091 Thread 0x00000221789873b0 Thread added: 0x00000221789895c0
Event: 8.087 Thread 0x0000022178988ef0 Thread exited: 0x0000022178988ef0


Dynamic libraries:
0x00007ff709760000 - 0x00007ff70976e000 	c:\Users\orgil\.vscode\extensions\redhat.java-1.47.0-win32-x64\jre\21.0.8-win32-x86_64\bin\java.exe
0x00007ff972a60000 - 0x00007ff972cc8000 	C:\WINDOWS\SYSTEM32\ntdll.dll
0x00007ff970ef0000 - 0x00007ff970fb9000 	C:\WINDOWS\System32\KERNEL32.DLL
0x00007ff970030000 - 0x00007ff970428000 	C:\WINDOWS\System32\KERNELBASE.dll
0x00007ff9704f0000 - 0x00007ff97063b000 	C:\WINDOWS\System32\ucrtbase.dll
0x00007ff958990000 - 0x00007ff9589ae000 	c:\Users\orgil\.vscode\extensions\redhat.java-1.47.0-win32-x64\jre\21.0.8-win32-x86_64\bin\VCRUNTIME140.dll
0x00007ff95bde0000 - 0x00007ff95bdf8000 	c:\Users\orgil\.vscode\extensions\redhat.java-1.47.0-win32-x64\jre\21.0.8-win32-x86_64\bin\jli.dll
0x00007ff971db0000 - 0x00007ff971f77000 	C:\WINDOWS\System32\USER32.dll
0x00007ff954d00000 - 0x00007ff954f94000 	C:\WINDOWS\WinSxS\amd64_microsoft.windows.common-controls_6595b64144ccf1df_6.0.26100.7019_none_3e06ffa0e335b8a8\COMCTL32.dll
0x00007ff970000000 - 0x00007ff970027000 	C:\WINDOWS\System32\win32u.dll
0x00007ff971570000 - 0x00007ff971619000 	C:\WINDOWS\System32\msvcrt.dll
0x00007ff972860000 - 0x00007ff97288b000 	C:\WINDOWS\System32\GDI32.dll
0x00007ff9706d0000 - 0x00007ff9707fc000 	C:\WINDOWS\System32\gdi32full.dll
0x00007ff96fd20000 - 0x00007ff96fdc3000 	C:\WINDOWS\System32\msvcp_win.dll
0x00007ff971090000 - 0x00007ff9710c1000 	C:\WINDOWS\System32\IMM32.DLL
0x00007ff95bdd0000 - 0x00007ff95bddc000 	c:\Users\orgil\.vscode\extensions\redhat.java-1.47.0-win32-x64\jre\21.0.8-win32-x86_64\bin\vcruntime140_1.dll
0x00007ff943b80000 - 0x00007ff943c0d000 	c:\Users\orgil\.vscode\extensions\redhat.java-1.47.0-win32-x64\jre\21.0.8-win32-x86_64\bin\msvcp140.dll
0x00007ff8c8240000 - 0x00007ff8c8fd7000 	c:\Users\orgil\.vscode\extensions\redhat.java-1.47.0-win32-x64\jre\21.0.8-win32-x86_64\bin\server\jvm.dll
0x00007ff970fd0000 - 0x00007ff971084000 	C:\WINDOWS\System32\ADVAPI32.dll
0x00007ff9713c0000 - 0x00007ff971466000 	C:\WINDOWS\System32\sechost.dll
0x00007ff9722a0000 - 0x00007ff9723b8000 	C:\WINDOWS\System32\RPCRT4.dll
0x00007ff9723e0000 - 0x00007ff972454000 	C:\WINDOWS\System32\WS2_32.dll
0x00007ff964650000 - 0x00007ff964685000 	C:\WINDOWS\SYSTEM32\WINMM.dll
0x00007ff96fa10000 - 0x00007ff96fa6e000 	C:\WINDOWS\SYSTEM32\POWRPROF.dll
0x00007ff95e970000 - 0x00007ff95e97b000 	C:\WINDOWS\SYSTEM32\VERSION.dll
0x00007ff96f9f0000 - 0x00007ff96fa04000 	C:\WINDOWS\SYSTEM32\UMPDC.dll
0x00007ff96e890000 - 0x00007ff96e8ab000 	C:\WINDOWS\SYSTEM32\kernel.appcore.dll
0x00007ff958980000 - 0x00007ff95898a000 	c:\Users\orgil\.vscode\extensions\redhat.java-1.47.0-win32-x64\jre\21.0.8-win32-x86_64\bin\jimage.dll
0x00007ff96d2a0000 - 0x00007ff96d4e2000 	C:\WINDOWS\SYSTEM32\DBGHELP.DLL
0x00007ff9724d0000 - 0x00007ff97285b000 	C:\WINDOWS\System32\combase.dll
0x00007ff971f80000 - 0x00007ff972057000 	C:\WINDOWS\System32\OLEAUT32.dll
0x00007ff94e5f0000 - 0x00007ff94e62c000 	C:\WINDOWS\SYSTEM32\dbgcore.DLL
0x00007ff96fdd0000 - 0x00007ff96fe75000 	C:\WINDOWS\System32\bcryptPrimitives.dll
0x00007ff950d90000 - 0x00007ff950d9f000 	c:\Users\orgil\.vscode\extensions\redhat.java-1.47.0-win32-x64\jre\21.0.8-win32-x86_64\bin\instrument.dll
0x00007ff94fb30000 - 0x00007ff94fb4f000 	c:\Users\orgil\.vscode\extensions\redhat.java-1.47.0-win32-x64\jre\21.0.8-win32-x86_64\bin\java.dll
0x00007ff971620000 - 0x00007ff971d6f000 	C:\WINDOWS\System32\SHELL32.dll
0x00007ff96fbb0000 - 0x00007ff96fd1b000 	C:\WINDOWS\System32\wintypes.dll
0x00007ff96d790000 - 0x00007ff96dfed000 	C:\WINDOWS\SYSTEM32\windows.storage.dll
0x00007ff9708c0000 - 0x00007ff9709b2000 	C:\WINDOWS\System32\SHCORE.dll
0x00007ff972460000 - 0x00007ff9724c7000 	C:\WINDOWS\System32\shlwapi.dll
0x00007ff96fad0000 - 0x00007ff96faf9000 	C:\WINDOWS\SYSTEM32\profapi.dll
0x00007ff949390000 - 0x00007ff9493a8000 	c:\Users\orgil\.vscode\extensions\redhat.java-1.47.0-win32-x64\jre\21.0.8-win32-x86_64\bin\zip.dll
0x00007ff950d80000 - 0x00007ff950d90000 	C:\Users\orgil\.vscode\extensions\redhat.java-1.47.0-win32-x64\jre\21.0.8-win32-x86_64\bin\net.dll
0x00007ff9644a0000 - 0x00007ff9645c8000 	C:\WINDOWS\SYSTEM32\WINHTTP.dll
0x00007ff96ee80000 - 0x00007ff96eeeb000 	C:\WINDOWS\system32\mswsock.dll
0x00007ff949370000 - 0x00007ff949386000 	C:\Users\orgil\.vscode\extensions\redhat.java-1.47.0-win32-x64\jre\21.0.8-win32-x86_64\bin\nio.dll
0x00007ff94fc10000 - 0x00007ff94fc20000 	c:\Users\orgil\.vscode\extensions\redhat.java-1.47.0-win32-x64\jre\21.0.8-win32-x86_64\bin\verify.dll
0x00007ff943a80000 - 0x00007ff943ac4000 	C:\Users\orgil\AppData\Roaming\Code\User\globalStorage\redhat.java\1.47.0\config_win\org.eclipse.equinox.launcher\org.eclipse.equinox.launcher.win32.win32.x86_64_1.2.1400.v20250801-0854\eclipse_11916.dll
0x00007ff9711d0000 - 0x00007ff971367000 	C:\WINDOWS\System32\ole32.dll
0x00007ff96f270000 - 0x00007ff96f28b000 	C:\WINDOWS\SYSTEM32\CRYPTSP.dll
0x00007ff96e8b0000 - 0x00007ff96e8ea000 	C:\WINDOWS\system32\rsaenh.dll
0x00007ff96ef30000 - 0x00007ff96ef5b000 	C:\WINDOWS\SYSTEM32\USERENV.dll
0x00007ff96faa0000 - 0x00007ff96faca000 	C:\WINDOWS\SYSTEM32\bcrypt.dll
0x00007ff96f250000 - 0x00007ff96f25c000 	C:\WINDOWS\SYSTEM32\CRYPTBASE.dll
0x00007ff96e470000 - 0x00007ff96e4a4000 	C:\WINDOWS\SYSTEM32\IPHLPAPI.DLL
0x00007ff9728a0000 - 0x00007ff9728aa000 	C:\WINDOWS\System32\NSI.dll
0x00007ff943600000 - 0x00007ff943649000 	C:\Users\orgil\AppData\Local\Temp\jna-106009351\jna17666979968000500509.dll
0x00007ff970fc0000 - 0x00007ff970fc8000 	C:\WINDOWS\System32\PSAPI.DLL

JVMTI agents:
c:\Users\orgil\.vscode\extensions\redhat.java-1.47.0-win32-x64\lombok\lombok-1.18.39-4050.jar path:c:\Users\orgil\.vscode\extensions\redhat.java-1.47.0-win32-x64\jre\21.0.8-win32-x86_64\bin\instrument.dll, loaded, initialized, instrumentlib options:none

dbghelp: loaded successfully - version: 4.0.5 - missing functions: none
symbol engine: initialized successfully - sym options: 0x614 - pdb path: .;c:\Users\orgil\.vscode\extensions\redhat.java-1.47.0-win32-x64\jre\21.0.8-win32-x86_64\bin;C:\WINDOWS\SYSTEM32;C:\WINDOWS\WinSxS\amd64_microsoft.windows.common-controls_6595b64144ccf1df_6.0.26100.7019_none_3e06ffa0e335b8a8;c:\Users\orgil\.vscode\extensions\redhat.java-1.47.0-win32-x64\jre\21.0.8-win32-x86_64\bin\server;C:\Users\orgil\AppData\Roaming\Code\User\globalStorage\redhat.java\1.47.0\config_win\org.eclipse.equinox.launcher\org.eclipse.equinox.launcher.win32.win32.x86_64_1.2.1400.v20250801-0854;C:\Users\orgil\AppData\Local\Temp\jna-106009351

VM Arguments:
jvm_args: --add-modules=ALL-SYSTEM --add-opens=java.base/java.util=ALL-UNNAMED --add-opens=java.base/java.lang=ALL-UNNAMED --add-opens=java.base/sun.nio.fs=ALL-UNNAMED -Declipse.application=org.eclipse.jdt.ls.core.id1 -Dosgi.bundles.defaultStartLevel=4 -Declipse.product=org.eclipse.jdt.ls.core.product -Djava.import.generatesMetadataFilesAtProjectRoot=false -DDetectVMInstallationsJob.disabled=true -Dfile.encoding=utf8 -XX:+UseParallelGC -XX:GCTimeRatio=4 -XX:AdaptiveSizePolicyWeight=90 -Dsun.zip.disableMemoryMapping=true -Xmx2G -Xms100m -Xlog:disable -javaagent:c:\Users\orgil\.vscode\extensions\redhat.java-1.47.0-win32-x64\lombok\lombok-1.18.39-4050.jar -XX:+HeapDumpOnOutOfMemoryError -XX:HeapDumpPath=c:\Users\orgil\AppData\Roaming\Code\User\workspaceStorage\cd0713a03f285024dd52b99167a2dbcd\redhat.java -Daether.dependencyCollector.impl=bf 
java_command: c:\Users\orgil\.vscode\extensions\redhat.java-1.47.0-win32-x64\server\plugins\org.eclipse.equinox.launcher_1.7.100.v20251014-1222.jar -configuration c:\Users\orgil\AppData\Roaming\Code\User\globalStorage\redhat.java\1.47.0\config_win -data c:\Users\orgil\AppData\Roaming\Code\User\workspaceStorage\cd0713a03f285024dd52b99167a2dbcd\redhat.java\jdt_ws --pipe=\\.\pipe\lsp-893fe44c78aaf9416e4a8b62cba7da2a-sock
java_class_path (initial): c:\Users\orgil\.vscode\extensions\redhat.java-1.47.0-win32-x64\server\plugins\org.eclipse.equinox.launcher_1.7.100.v20251014-1222.jar
Launcher Type: SUN_STANDARD

[Global flags]
    uintx AdaptiveSizePolicyWeight                 = 90                                        {product} {command line}
     intx CICompilerCount                          = 12                                        {product} {ergonomic}
    uintx GCTimeRatio                              = 4                                         {product} {command line}
     bool HeapDumpOnOutOfMemoryError               = true                                   {manageable} {command line}
    ccstr HeapDumpPath                             = c:\Users\orgil\AppData\Roaming\Code\User\workspaceStorage\cd0713a03f285024dd52b99167a2dbcd\redhat.java         {manageable} {command line}
   size_t InitialHeapSize                          = 104857600                                 {product} {command line}
   size_t MaxHeapSize                              = 2147483648                                {product} {command line}
   size_t MaxNewSize                               = 715653120                                 {product} {ergonomic}
   size_t MinHeapDeltaBytes                        = 524288                                    {product} {ergonomic}
   size_t MinHeapSize                              = 104857600                                 {product} {command line}
   size_t NewSize                                  = 34603008                                  {product} {ergonomic}
    uintx NonNMethodCodeHeapSize                   = 7602480                                {pd product} {ergonomic}
    uintx NonProfiledCodeHeapSize                  = 122027880                              {pd product} {ergonomic}
   size_t OldSize                                  = 70254592                                  {product} {ergonomic}
    uintx ProfiledCodeHeapSize                     = 122027880                              {pd product} {ergonomic}
    uintx ReservedCodeCacheSize                    = 251658240                              {pd product} {ergonomic}
     bool SegmentedCodeCache                       = true                                      {product} {ergonomic}
   size_t SoftMaxHeapSize                          = 2147483648                             {manageable} {ergonomic}
     bool UseCompressedOops                        = true                           {product lp64_product} {ergonomic}
     bool UseLargePagesIndividualAllocation        = false                                  {pd product} {ergonomic}
     bool UseParallelGC                            = true                                      {product} {command line}

Logging:
Log output configuration:
 #0: stdout all=off uptime,level,tags foldmultilines=false
 #1: stderr all=off uptime,level,tags foldmultilines=false

Environment Variables:
JAVA_HOME=C:\Program Files\Eclipse Adoptium\jdk-17.0.13.11-hotspot\
PATH=C:\Program Files\Eclipse Adoptium\jdk-21.0.8.9-hotspot\bin;C:\Program Files\Eclipse Adoptium\jdk-17.0.13.11-hotspot\bin;C:\WINDOWS\system32;C:\WINDOWS;C:\WINDOWS\System32\Wbem;C:\WINDOWS\System32\WindowsPowerShell\v1.0\;C:\WINDOWS\System32\OpenSSH\;C:\Program Files\dotnet\;C:\WINDOWS\system32\config\systemprofile\AppData\Local\Muse Hub\lib;C:\Program Files\Git\cmd;C:\Users\orgil\AppData\Local\Programs\Python\Launcher\;C:\Users\orgil\AppData\Local\Microsoft\WindowsApps;C:\Users\orgil\AppData\Local\Programs\Microsoft VS Code\bin;C:\msys64\ucrt64\bin;C:\Program Files (x86)\Nmap;C:\Users\orgil\AppData\Local\Muse Hub\lib;C:\Users\orgil\AppData\Local\GitHubDesktop\bin
USERNAME=orgil
OS=Windows_NT
PROCESSOR_IDENTIFIER=Intel64 Family 6 Model 154 Stepping 3, GenuineIntel
TMP=C:\Users\orgil\AppData\Local\Temp
TEMP=C:\Users\orgil\AppData\Local\Temp




Periodic native trim disabled

---------------  S Y S T E M  ---------------

OS:
 Windows 11 , 64 bit Build 26100 (10.0.26100.7019)
OS uptime: 0 days 0:52 hours
Hyper-V role detected

CPU: total 16 (initial active 16) (8 cores per cpu, 2 threads per core) family 6 model 154 stepping 3 microcode 0x432, cx8, cmov, fxsr, ht, mmx, 3dnowpref, sse, sse2, sse3, ssse3, sse4.1, sse4.2, popcnt, lzcnt, tsc, tscinvbit, avx, avx2, aes, erms, clmul, bmi1, bmi2, adx, sha, fma, vzeroupper, clflush, clflushopt, clwb, hv, serialize, rdtscp, rdpid, fsrm, f16c, cet_ibt, cet_ss
Processor Information for processor 0
  Max Mhz: 2500, Current Mhz: 2500, Mhz Limit: 2500
Processor Information for processor 1
  Max Mhz: 2500, Current Mhz: 2500, Mhz Limit: 2500
Processor Information for processor 2
  Max Mhz: 2500, Current Mhz: 2500, Mhz Limit: 2500
Processor Information for processor 3
  Max Mhz: 2500, Current Mhz: 2500, Mhz Limit: 2500
Processor Information for processor 4
  Max Mhz: 2500, Current Mhz: 1532, Mhz Limit: 2500
Processor Information for processor 5
  Max Mhz: 2500, Current Mhz: 2500, Mhz Limit: 2500
Processor Information for processor 6
  Max Mhz: 2500, Current Mhz: 2500, Mhz Limit: 2500
Processor Information for processor 7
  Max Mhz: 2500, Current Mhz: 2500, Mhz Limit: 2500
Processor Information for processor 8
  Max Mhz: 2500, Current Mhz: 1800, Mhz Limit: 1800
Processor Information for processor 9
  Max Mhz: 2500, Current Mhz: 1800, Mhz Limit: 1800
Processor Information for processor 10
  Max Mhz: 2500, Current Mhz: 1800, Mhz Limit: 1800
Processor Information for processor 11
  Max Mhz: 2500, Current Mhz: 1500, Mhz Limit: 1800
Processor Information for processor 12
  Max Mhz: 2500, Current Mhz: 1800, Mhz Limit: 1800
Processor Information for processor 13
  Max Mhz: 2500, Current Mhz: 1800, Mhz Limit: 1800
Processor Information for processor 14
  Max Mhz: 2500, Current Mhz: 1800, Mhz Limit: 1800
Processor Information for processor 15
  Max Mhz: 2500, Current Mhz: 1800, Mhz Limit: 1800

Memory: 4k page, system-wide physical 16004M (1576M free)
TotalPageFile size 16004M (AvailPageFile size 451M)
current process WorkingSet (physical memory assigned to process): 188M, peak: 191M
current process commit charge ("private bytes"): 333M, peak: 336M

vm_info: OpenJDK 64-Bit Server VM (21.0.8+9-LTS) for windows-amd64 JRE (21.0.8+9-LTS), built on 2025-07-15T00:00:00Z by "admin" with MS VC++ 17.7 (VS2022)

END.
